{"timestamp":1770538348.0925624,"task_uuid":"79e87ec0-6e5f-437a-9d90-97c06e862e71","task_level":[1],"message_type":"loggerx:info","message":"============================================================"}
{"timestamp":1770538348.09265,"task_uuid":"b930d391-e9c6-4efe-91b4-374a22c4e574","task_level":[1],"message_type":"loggerx:info","message":"1. BASIC LEVEL COLORS (Automatic)"}
{"timestamp":1770538348.0926816,"task_uuid":"021e4db5-23c7-4882-b120-3e6b99095db8","task_level":[1],"message_type":"loggerx:info","message":"============================================================"}
{"timestamp":1770538348.0927002,"task_uuid":"4e657a78-2825-45f2-b845-8a168bd50f00","task_level":[1],"message_type":"loggerx:debug","message":"This is a DEBUG message - renders in gray"}
{"timestamp":1770538348.0927155,"task_uuid":"662817b4-6936-495f-8e8b-233cba979d68","task_level":[1],"message_type":"loggerx:info","message":"This is an INFO message - renders in white"}
{"timestamp":1770538348.092731,"task_uuid":"5ac0f6f0-aaa9-44c6-868f-15b8c9b847ba","task_level":[1],"message_type":"loggerx:success","message":"This is a SUCCESS message - renders in bright green"}
{"timestamp":1770538348.0927465,"task_uuid":"8487cca1-70f8-4ab0-89f9-66e5aca77931","task_level":[1],"message_type":"loggerx:note","message":"This is a NOTE message - renders in yellow"}
{"timestamp":1770538348.0927634,"task_uuid":"095849af-afc4-4275-9431-b7811a210d97","task_level":[1],"message_type":"loggerx:warning","message":"This is a WARNING message - renders in bright yellow"}
{"timestamp":1770538348.0927787,"task_uuid":"59720304-73d6-45cc-bcd6-ef2f8aaa1335","task_level":[1],"message_type":"loggerx:error","message":"This is an ERROR message - renders in red"}
{"timestamp":1770538348.0927932,"task_uuid":"9f006e69-c652-49d8-bce6-b4bc43ce992c","task_level":[1],"message_type":"loggerx:critical","message":"This is a CRITICAL message - renders in bright red with background"}
{"timestamp":1770538348.092807,"task_uuid":"2dad771c-b5bb-4f5c-a043-4bdc9280b528","task_level":[1],"message_type":"loggerx:info","message":"============================================================"}
{"timestamp":1770538348.0928214,"task_uuid":"009c1747-22fc-46c5-b550-901f937cae21","task_level":[1],"message_type":"loggerx:info","message":"2. SET FOREGROUND COLOR"}
{"timestamp":1770538348.0928357,"task_uuid":"bbd95bbc-98b8-47e2-b3ba-53e4965f140c","task_level":[1],"message_type":"loggerx:info","message":"============================================================"}
{"timestamp":1770538348.092851,"task_uuid":"caa432fb-ff82-4eb4-8c56-b88eb8dce198","task_level":[1],"logxpy:foreground":"cyan","message_type":"loggerx:info","message":"Cyan foreground text"}
{"timestamp":1770538348.0928667,"task_uuid":"2c12280d-40e9-4047-89cc-5998d7bced98","task_level":[1],"logxpy:foreground":"cyan","message_type":"loggerx:debug","message":"Debug message with cyan foreground"}
{"timestamp":1770538348.092881,"task_uuid":"428f8b6b-d8ca-48dc-8515-b245543e555b","task_level":[1],"logxpy:foreground":"cyan","message_type":"loggerx:success","message":"Success message with cyan foreground"}
{"timestamp":1770538348.0929024,"task_uuid":"ec3e97ca-407e-466d-96af-52fa1980e282","task_level":[1],"logxpy:foreground":"green","message_type":"loggerx:info","message":"Green foreground text"}
{"timestamp":1770538348.0929186,"task_uuid":"0f184426-b116-4ac3-8a2b-1660b872f295","task_level":[1],"logxpy:foreground":"yellow","message_type":"loggerx:info","message":"Yellow foreground text"}
{"timestamp":1770538348.0929332,"task_uuid":"3253339f-08d8-4e97-91d2-eaa0bda4d7b9","task_level":[1],"logxpy:foreground":"magenta","message_type":"loggerx:info","message":"Magenta foreground text"}
{"timestamp":1770538348.0929472,"task_uuid":"98b6c652-7e8b-4683-b5d1-88a1525725ea","task_level":[1],"logxpy:foreground":"red","message_type":"loggerx:info","message":"Red foreground text"}
{"timestamp":1770538348.0929608,"task_uuid":"f45848f8-2ee3-47f6-b62e-610409d44100","task_level":[1],"message_type":"loggerx:info","message":"============================================================"}
{"timestamp":1770538348.0929744,"task_uuid":"dd18a95e-169b-493b-8ca6-2e817112b1cb","task_level":[1],"message_type":"loggerx:info","message":"3. SET BACKGROUND COLOR"}
{"timestamp":1770538348.0929956,"task_uuid":"01cdaaa7-3fd5-40e2-b9a6-99084cdc47ae","task_level":[1],"message_type":"loggerx:info","message":"============================================================"}
{"timestamp":1770538348.0930138,"task_uuid":"afee1435-5897-4c35-9a94-782e90cd311c","task_level":[1],"logxpy:background":"yellow","message_type":"loggerx:info","message":"Yellow background - warning style"}
{"timestamp":1770538348.0930297,"task_uuid":"1b7a5c08-bfe8-4996-9861-16575586daac","task_level":[1],"logxpy:background":"red","message_type":"loggerx:error","message":"Red background - error style"}
{"timestamp":1770538348.093044,"task_uuid":"318927b0-62f1-4166-8318-e07946b8ce79","task_level":[1],"logxpy:background":"blue","message_type":"loggerx:info","message":"Blue background - info style"}
{"timestamp":1770538348.093058,"task_uuid":"5839118d-e467-4d32-8bbf-ec973dc4b1af","task_level":[1],"message_type":"loggerx:info","message":"============================================================"}
{"timestamp":1770538348.093072,"task_uuid":"a7abb337-e476-4424-ae87-cb49db47e969","task_level":[1],"message_type":"loggerx:info","message":"4. COMBINED FOREGROUND AND BACKGROUND"}
{"timestamp":1770538348.0930853,"task_uuid":"727588e3-17ca-45a9-8242-c6c970e9e236","task_level":[1],"message_type":"loggerx:info","message":"============================================================"}
{"timestamp":1770538348.0930994,"task_uuid":"c58fc165-329c-4e69-874b-012b75f6415c","task_level":[1],"logxpy:foreground":"white","logxpy:background":"red","message_type":"loggerx:error","message":"White on red - critical error style"}
{"timestamp":1770538348.0931153,"task_uuid":"9694f2a3-b8fb-436d-b4cc-638c1eb62438","task_level":[1],"logxpy:foreground":"black","logxpy:background":"yellow","message_type":"loggerx:warning","message":"Black on yellow - highlight style"}
{"timestamp":1770538348.0931308,"task_uuid":"cdfac934-b7f6-469c-978d-395ec461a77d","task_level":[1],"logxpy:foreground":"cyan","logxpy:background":"blue","message_type":"loggerx:info","message":"Cyan on blue - info highlight"}
{"timestamp":1770538348.0931451,"task_uuid":"6b8ce701-d822-44e7-8769-e0d2ae743562","task_level":[1],"message_type":"loggerx:info","message":"============================================================"}
{"timestamp":1770538348.0931587,"task_uuid":"355efcd8-cdf1-4b92-bbc5-b17db4a4a7ca","task_level":[1],"message_type":"loggerx:info","message":"5. ONE-SHOT COLORED MESSAGES (colored method)"}
{"timestamp":1770538348.0931733,"task_uuid":"11c30163-efa3-436f-9ab1-b76812ad11e5","task_level":[1],"message_type":"loggerx:info","message":"============================================================"}
{"timestamp":1770538348.0931907,"task_uuid":"e7662c0e-deb7-4380-b4e0-93415fd60a29","task_level":[1],"logxpy:foreground":"red","message_type":"loggerx:info","message":"Important message in red"}
{"timestamp":1770538348.0932074,"task_uuid":"74bc1b19-55dd-45cb-a3f0-53fae68e02c1","task_level":[1],"logxpy:foreground":"green","message_type":"loggerx:info","message":"Success message in green"}
{"timestamp":1770538348.0932417,"task_uuid":"c97d2bc9-28d2-4383-91df-cc60f1be22cd","task_level":[1],"logxpy:foreground":"yellow","message_type":"loggerx:info","message":"Warning message in yellow"}
{"timestamp":1770538348.0932577,"task_uuid":"c3d5386b-04e6-4ea7-acdd-c4a089c900d9","task_level":[1],"logxpy:foreground":"black","logxpy:background":"yellow","message_type":"loggerx:info","message":"⚠️  WARNING with yellow background"}
{"timestamp":1770538348.0932782,"task_uuid":"2355f48a-1e93-4fbd-81d2-0cf42fc6a496","task_level":[1],"logxpy:foreground":"white","logxpy:background":"red","message_type":"loggerx:info","message":"❌ ERROR with red background"}
{"timestamp":1770538348.093296,"task_uuid":"11cc74da-2de4-49e4-97e8-567bae24d873","task_level":[1],"logxpy:foreground":"white","logxpy:background":"green","message_type":"loggerx:info","message":"✅ SUCCESS with green background"}
{"timestamp":1770538348.093318,"task_uuid":"2b23c430-b3e1-49f5-aa79-d96609eb9199","task_level":[1],"message_type":"loggerx:info","message":"============================================================"}
{"timestamp":1770538348.0933354,"task_uuid":"da637342-ef5d-4b37-954e-f2ee03f62611","task_level":[1],"message_type":"loggerx:info","message":"6. COLORED BLOCKS (Unicode Box Drawing)"}
{"timestamp":1770538348.093349,"task_uuid":"d24c00b0-9151-4daf-98b4-f5ac3faab228","task_level":[1],"message_type":"loggerx:info","message":"============================================================"}
{"timestamp":1770538348.093363,"task_uuid":"ec14dced-fa4a-4ee9-bb59-5d9688afb7bc","task_level":[1],"logxpy:foreground":"black","logxpy:background":"yellow","message_type":"loggerx:info","message":"╔════════════════════════════════════════════════════════════╗\n║  ⚠️  WARNING - IMPORTANT NOTICE                               ║\n║                                                                ║\n║  This is a highlighted warning block using Unicode characters   ║\n║  Yellow background with black text for maximum visibility     ║\n╚════════════════════════════════════════════════════════════╝"}
{"timestamp":1770538348.0933847,"task_uuid":"07a1ab8a-3e82-43c1-b004-2175851d4418","task_level":[1],"logxpy:foreground":"white","logxpy:background":"red","message_type":"loggerx:info","message":"╔════════════════════════════════════════════════════════════╗\n║  ❌ ERROR - CRITICAL FAILURE                                     ║\n║                                                                ║\n║  This is an error block with red background                     ║\n║  White text on red background for critical issues              ║\n╚════════════════════════════════════════════════════════════╝"}
{"timestamp":1770538348.093405,"task_uuid":"dae09094-ee62-4fb3-a1c9-2c8d163bcc3d","task_level":[1],"logxpy:foreground":"white","logxpy:background":"green","message_type":"loggerx:info","message":"╔════════════════════════════════════════════════════════════╗\n║  ✅ SUCCESS - OPERATION COMPLETED                               ║\n║                                                                ║\n║  This is a success block with green background                  ║\n║  White text on green background for positive results          ║\n╚════════════════════════════════════════════════════════════╝"}
{"timestamp":1770538348.0934236,"task_uuid":"7c348a07-286c-4475-8486-20b66a3943cd","task_level":[1],"logxpy:foreground":"black","logxpy:background":"cyan","message_type":"loggerx:info","message":"╔════════════════════════════════════════════════════════════╗\n║  ℹ️  INFO - INFORMATION                                          ║\n║                                                                ║\n║  This is an info block with cyan background                      ║\n║  Black text on cyan background for informational content        ║\n╚════════════════════════════════════════════════════════════╝"}
{"timestamp":1770538348.0934412,"task_uuid":"8c1aa2c0-fe19-411b-9015-4c50d2950140","task_level":[1],"message_type":"loggerx:info","message":"============================================================"}
{"timestamp":1770538348.0934606,"task_uuid":"2805614a-41e0-490c-bf3c-bbe10f73ce5f","task_level":[1],"message_type":"loggerx:info","message":"7. ALL AVAILABLE COLORS DEMO"}
{"timestamp":1770538348.0934765,"task_uuid":"b15d8b1e-86d4-4350-9702-5234480ce2d1","task_level":[1],"message_type":"loggerx:info","message":"============================================================"}
{"timestamp":1770538348.0934951,"task_uuid":"b6fd2493-1875-4f09-bb4b-e37bffb43e2c","task_level":[1],"logxpy:foreground":"black","message_type":"loggerx:info","message":"  → black        text example  ←"}
{"timestamp":1770538348.0935135,"task_uuid":"c2ad670d-c0ae-4217-aa88-c6f8f01d2f93","task_level":[1],"logxpy:foreground":"red","message_type":"loggerx:info","message":"  → red          text example  ←"}
{"timestamp":1770538348.093531,"task_uuid":"236eea30-a0dd-4db0-bbde-0b1e773df5fc","task_level":[1],"logxpy:foreground":"green","message_type":"loggerx:info","message":"  → green        text example  ←"}
{"timestamp":1770538348.0935469,"task_uuid":"7969479c-1f1b-4d78-abec-3c8bbf4927dd","task_level":[1],"logxpy:foreground":"yellow","message_type":"loggerx:info","message":"  → yellow       text example  ←"}
{"timestamp":1770538348.0935655,"task_uuid":"42ab5871-c8c9-4bcc-abb4-ee051bed5f56","task_level":[1],"logxpy:foreground":"blue","message_type":"loggerx:info","message":"  → blue         text example  ←"}
{"timestamp":1770538348.0935807,"task_uuid":"187dd176-2ec4-4c08-91a7-6e71ca0ca5f9","task_level":[1],"logxpy:foreground":"magenta","message_type":"loggerx:info","message":"  → magenta      text example  ←"}
{"timestamp":1770538348.0935962,"task_uuid":"15194794-d449-4f90-9019-ad553c57e6f9","task_level":[1],"logxpy:foreground":"cyan","message_type":"loggerx:info","message":"  → cyan         text example  ←"}
{"timestamp":1770538348.0936115,"task_uuid":"3408db15-feb9-426e-9538-aa54ccfcd858","task_level":[1],"logxpy:foreground":"white","message_type":"loggerx:info","message":"  → white        text example  ←"}
{"timestamp":1770538348.0936263,"task_uuid":"1496c1c8-ac82-4ded-92de-f0ea90230562","task_level":[1],"logxpy:foreground":"light_gray","message_type":"loggerx:info","message":"  → light_gray   text example  ←"}
{"timestamp":1770538348.0936418,"task_uuid":"9f406690-18bc-43c2-bde8-d63dad60a4dc","task_level":[1],"logxpy:foreground":"dark_gray","message_type":"loggerx:info","message":"  → dark_gray    text example  ←"}
{"timestamp":1770538348.0936563,"task_uuid":"5be585f1-d8be-4fd6-9be1-3dac08d87ebb","task_level":[1],"logxpy:foreground":"light_red","message_type":"loggerx:info","message":"  → light_red    text example  ←"}
{"timestamp":1770538348.0936773,"task_uuid":"62593cab-b281-48af-9934-7a0e55c49f6b","task_level":[1],"logxpy:foreground":"light_green","message_type":"loggerx:info","message":"  → light_green  text example  ←"}
{"timestamp":1770538348.093715,"task_uuid":"ddc00cf9-3669-465d-a0a0-3bf6e04c5068","task_level":[1],"logxpy:foreground":"light_blue","message_type":"loggerx:info","message":"  → light_blue   text example  ←"}
{"timestamp":1770538348.0937371,"task_uuid":"e7e8c51e-feda-4fd5-b482-be51fc8c3c91","task_level":[1],"logxpy:foreground":"light_yellow","message_type":"loggerx:info","message":"  → light_yellow text example  ←"}
{"timestamp":1770538348.0937588,"task_uuid":"098478ab-6726-4ea6-a631-a2e93d839dc3","task_level":[1],"logxpy:foreground":"light_magenta","message_type":"loggerx:info","message":"  → light_magenta text example  ←"}
{"timestamp":1770538348.0937755,"task_uuid":"04b3b807-2f19-4e72-8ec1-c4d1bb317d49","task_level":[1],"logxpy:foreground":"light_cyan","message_type":"loggerx:info","message":"  → light_cyan   text example  ←"}
{"timestamp":1770538348.093792,"task_uuid":"5c539de3-094a-4610-a3ce-4de21db5bbb3","task_level":[1],"message_type":"loggerx:info","message":"============================================================"}
{"timestamp":1770538348.0938134,"task_uuid":"6bdfec41-897c-4445-a3e4-594eb4db9fe7","task_level":[1],"message_type":"loggerx:info","message":"8. PRACTICAL EXAMPLES"}
{"timestamp":1770538348.0938323,"task_uuid":"9b07cd58-a788-403a-be3a-77ad7af80cb7","task_level":[1],"message_type":"loggerx:info","message":"============================================================"}
{"timestamp":1770538348.093847,"task_uuid":"368450dd-8e4b-4bf4-b3b9-3f7a2bdbf954","task_level":[1],"logxpy:foreground":"cyan","message_type":"loggerx:info","message":"💾 Database: Slow query detected (>5 seconds)"}
{"timestamp":1770538348.093865,"task_uuid":"926b9ac6-eb79-4119-b75b-cdc5f89139f9","task_level":[1],"logxpy:foreground":"green","message_type":"loggerx:info","message":"💳 Payment: $99.99 payment completed successfully"}
{"timestamp":1770538348.0938818,"task_uuid":"8830d9df-d09c-494a-8c63-5b52baff84b6","task_level":[1],"logxpy:foreground":"white","logxpy:background":"red","message_type":"loggerx:info","message":"🔐 Auth: Invalid credentials - access denied"}
{"timestamp":1770538348.0939012,"task_uuid":"895d0eed-3c73-4ff7-8709-a7f3c9cb1cab","task_level":[1],"logxpy:foreground":"black","logxpy:background":"yellow","message_type":"loggerx:info","message":"⚠️  API: Rate limit exceeded (1000 req/hour)"}
{"timestamp":1770538348.093919,"task_uuid":"01c4827c-e1d0-44c9-b84a-f7a4ace7c2c0","task_level":[1],"message_type":"loggerx:info","message":"============================================================"}
{"timestamp":1770538348.0939336,"task_uuid":"f4e5931b-b74c-491e-9bde-7d89f00426a1","task_level":[1],"message_type":"loggerx:info","message":"9. GRADIENT EFFECT"}
{"timestamp":1770538348.0939474,"task_uuid":"0424ab3a-e4cd-4f17-8d74-e988a97aacf7","task_level":[1],"message_type":"loggerx:info","message":"============================================================"}
{"timestamp":1770538348.0939648,"task_uuid":"648dbc7d-efcb-41b8-8901-63c7714267ac","task_level":[1],"logxpy:foreground":"light_red","message_type":"loggerx:info","message":"  Gradient step 1: light_red text"}
{"timestamp":1770538348.0939796,"task_uuid":"4a4d3d6c-6c55-4ba3-a80e-df9f939cf57a","task_level":[1],"logxpy:foreground":"light_yellow","message_type":"loggerx:info","message":"  Gradient step 2: light_yellow text"}
{"timestamp":1770538348.0939949,"task_uuid":"7074c51c-fe4a-45ed-8de9-a94cc3115996","task_level":[1],"logxpy:foreground":"light_green","message_type":"loggerx:info","message":"  Gradient step 3: light_green text"}
{"timestamp":1770538348.0940094,"task_uuid":"ca221943-642e-42a7-817b-d68ea5817c80","task_level":[1],"logxpy:foreground":"light_cyan","message_type":"loggerx:info","message":"  Gradient step 4: light_cyan text"}
{"timestamp":1770538348.0940232,"task_uuid":"c86b653e-a754-443f-8238-ae6a67e2ce6e","task_level":[1],"logxpy:foreground":"light_blue","message_type":"loggerx:info","message":"  Gradient step 5: light_blue text"}
{"timestamp":1770538348.0940373,"task_uuid":"58ce4614-c3a3-4026-ac8d-5b9a0b8bd1e8","task_level":[1],"logxpy:foreground":"light_magenta","message_type":"loggerx:info","message":"  Gradient step 6: light_magenta text"}
{"timestamp":1770538348.0940523,"task_uuid":"71ab6f8a-e8b5-4f43-8eab-9d230e51a3c2","task_level":[1],"message_type":"loggerx:info","message":"============================================================"}
{"timestamp":1770538348.0940661,"task_uuid":"b5b30b69-bd7b-4709-b228-169f0a2252f3","task_level":[1],"message_type":"loggerx:info","message":"10. DATA TYPE HIGHLIGHTING"}
{"timestamp":1770538348.0940795,"task_uuid":"2d9d4cfe-51dd-4b16-a613-6304ec75b0e9","task_level":[1],"message_type":"loggerx:info","message":"============================================================"}
{"timestamp":1770538348.0940936,"task_uuid":"0bd6c33e-8dba-4d78-ad57-5f5c105e9e5a","task_level":[1],"logxpy:foreground":"cyan","message_type":"loggerx:info","message":"Numbers: 42, 3.14, -123"}
{"timestamp":1770538348.0941079,"task_uuid":"8b6fa196-d931-4f55-9951-a7b660482a96","task_level":[1],"logxpy:foreground":"magenta","message_type":"loggerx:info","message":"Boolean: True, False"}
{"timestamp":1770538348.0941343,"task_uuid":"869628fa-c722-479a-8586-2efb8645be0d","task_level":[1],"logxpy:foreground":"white","message_type":"loggerx:info","message":"String: 'Hello, World!'"}
{"timestamp":1770538348.0941522,"task_uuid":"b0a8355b-17e4-4c4c-b6c9-4696786b8040","task_level":[1],"logxpy:foreground":"blue","message_type":"loggerx:info","message":"URL: https://example.com/api"}
