{"task_uuid": "web-req-001", "action_type": "http_request_handler", "action_status": "started", "timestamp": 1705312200.0, "task_level": [1], "method": "POST", "path": "/api/v2/orders", "client_ip": "192.168.1.100"}
{"task_uuid": "web-req-001", "action_type": "authentication_middleware", "action_status": "started", "timestamp": 1705312200.01, "task_level": [1, 1], "auth_header": "Bearer eyJhbG..."}
{"task_uuid": "web-req-001", "action_type": "jwt_token_validation", "action_status": "started", "timestamp": 1705312200.02, "task_level": [1, 1, 1], "token_type": "access"}
{"task_uuid": "web-req-001", "action_type": "jwt_token_parsing", "action_status": "started", "timestamp": 1705312200.03, "task_level": [1, 1, 1, 1]}
{"task_uuid": "web-req-001", "action_type": "jwt_token_parsing", "action_status": "succeeded", "timestamp": 1705312200.04, "task_level": [1, 1, 1, 2], "claims_count": 5}
{"task_uuid": "web-req-001", "action_type": "jwt_token_validation", "action_status": "succeeded", "timestamp": 1705312200.05, "task_level": [1, 1, 2], "user_id": "user-12345"}
{"task_uuid": "web-req-001", "action_type": "permission_check", "action_status": "started", "timestamp": 1705312200.06, "task_level": [1, 1, 2, 1], "resource": "orders", "action": "create"}
{"task_uuid": "web-req-001", "action_type": "rbac_policy_eval", "action_status": "started", "timestamp": 1705312200.07, "task_level": [1, 1, 2, 1, 1], "role": "premium_user"}
{"task_uuid": "web-req-001", "action_type": "rbac_policy_lookup", "action_status": "started", "timestamp": 1705312200.08, "task_level": [1, 1, 2, 1, 1, 1], "policy_id": "policy-789"}
{"task_uuid": "web-req-001", "action_type": "redis_cache_get", "action_status": "started", "timestamp": 1705312200.09, "task_level": [1, 1, 2, 1, 1, 1, 1], "key": "rbac:policy-789"}
{"task_uuid": "web-req-001", "action_type": "redis_cache_get", "action_status": "succeeded", "timestamp": 1705312200.10, "task_level": [1, 1, 2, 1, 1, 1, 2], "cache_hit": true, "size_bytes": 256}
{"task_uuid": "web-req-001", "action_type": "rbac_policy_lookup", "action_status": "succeeded", "timestamp": 1705312200.11, "task_level": [1, 1, 2, 1, 1, 2], "cache_hit": true}
{"task_uuid": "web-req-001", "action_type": "rbac_policy_eval", "action_status": "succeeded", "timestamp": 1705312200.12, "task_level": [1, 1, 2, 1, 2], "allowed": true}
{"task_uuid": "web-req-001", "action_type": "permission_check", "action_status": "succeeded", "timestamp": 1705312200.13, "task_level": [1, 1, 2, 2], "granted": true}
{"task_uuid": "web-req-001", "action_type": "authentication_middleware", "action_status": "succeeded", "timestamp": 1705312200.14, "task_level": [1, 2], "auth_time_ms": 130}
{"task_uuid": "web-req-001", "action_type": "request_validator", "action_status": "started", "timestamp": 1705312200.15, "task_level": [1, 2, 1], "schema": "order_create_v2"}
{"task_uuid": "web-req-001", "action_type": "json_schema_validate", "action_status": "started", "timestamp": 1705312200.16, "task_level": [1, 2, 1, 1], "required_fields": ["items", "shipping_address"]}
{"task_uuid": "web-req-001", "action_type": "field_type_check", "action_status": "started", "timestamp": 1705312200.17, "task_level": [1, 2, 1, 1, 1], "field": "items"}
{"task_uuid": "web-req-001", "action_type": "field_type_check", "action_status": "succeeded", "timestamp": 1705312200.18, "task_level": [1, 2, 1, 1, 2], "valid": true}
{"task_uuid": "web-req-001", "action_type": "address_validator", "action_status": "started", "timestamp": 1705312200.19, "task_level": [1, 2, 1, 1, 2, 1]}
{"task_uuid": "web-req-001", "action_type": "address_validator", "action_status": "succeeded", "timestamp": 1705312200.21, "task_level": [1, 2, 1, 1, 2, 2], "normalized": true}
{"task_uuid": "web-req-001", "action_type": "json_schema_validate", "action_status": "succeeded", "timestamp": 1705312200.22, "task_level": [1, 2, 1, 2], "validation_time_ms": 60}
{"task_uuid": "web-req-001", "action_type": "business_rule_check", "action_status": "started", "timestamp": 1705312200.23, "task_level": [1, 2, 1, 2, 1], "rule": "max_order_value"}
{"task_uuid": "web-req-001", "action_type": "database_query", "action_status": "started", "timestamp": 1705312200.24, "task_level": [1, 2, 1, 2, 1, 1], "sql": "SELECT credit_limit FROM users WHERE id = ?"}
{"task_uuid": "web-req-001", "action_type": "database_connection_pool", "action_status": "started", "timestamp": 1705312200.25, "task_level": [1, 2, 1, 2, 1, 1, 1], "pool": "primary"}
{"task_uuid": "web-req-001", "action_type": "database_connection_pool", "action_status": "succeeded", "timestamp": 1705312200.26, "task_level": [1, 2, 1, 2, 1, 1, 2], "wait_time_ms": 2}
{"task_uuid": "web-req-001", "action_type": "sql_execute", "action_status": "started", "timestamp": 1705312200.27, "task_level": [1, 2, 1, 2, 1, 1, 2, 1]}
{"task_uuid": "web-req-001", "action_type": "sql_execute", "action_status": "succeeded", "timestamp": 1705312200.29, "task_level": [1, 2, 1, 2, 1, 1, 2, 2], "rows": 1}
{"task_uuid": "web-req-001", "action_type": "database_query", "action_status": "succeeded", "timestamp": 1705312200.30, "task_level": [1, 2, 1, 2, 1, 2], "rows_returned": 1}
{"task_uuid": "web-req-001", "action_type": "business_rule_check", "action_status": "succeeded", "timestamp": 1705312200.31, "task_level": [1, 2, 1, 2, 2], "passed": true}
{"task_uuid": "web-req-001", "action_type": "request_validator", "action_status": "succeeded", "timestamp": 1705312200.32, "task_level": [1, 2, 2], "validation_passed": true}
{"task_uuid": "web-req-001", "action_type": "order_processor", "action_status": "started", "timestamp": 1705312200.33, "task_level": [1, 2, 2, 1], "order_id": "ORD-2024-001"}
{"task_uuid": "web-req-001", "action_type": "inventory_reserve", "action_status": "started", "timestamp": 1705312200.34, "task_level": [1, 2, 2, 1, 1], "items_count": 3}
{"task_uuid": "web-req-001", "action_type": "inventory_service_call", "action_status": "started", "timestamp": 1705312200.35, "task_level": [1, 2, 2, 1, 1, 1], "service": "inventory-api", "endpoint": "/reserve"}
{"task_uuid": "web-req-001", "action_type": "http_client_send", "action_status": "started", "timestamp": 1705312200.36, "task_level": [1, 2, 2, 1, 1, 1, 1], "url": "http://inventory:8080/reserve"}
{"task_uuid": "web-req-001", "action_type": "dns_resolution", "action_status": "started", "timestamp": 1705312200.37, "task_level": [1, 2, 2, 1, 1, 1, 1, 1], "hostname": "inventory"}
{"task_uuid": "web-req-001", "action_type": "dns_resolution", "action_status": "succeeded", "timestamp": 1705312200.38, "task_level": [1, 2, 2, 1, 1, 1, 1, 2], "resolved_ips": ["10.0.2.15"]}
{"task_uuid": "web-req-001", "action_type": "tcp_connection", "action_status": "started", "timestamp": 1705312200.39, "task_level": [1, 2, 2, 1, 1, 1, 1, 2, 1]}
{"task_uuid": "web-req-001", "action_type": "tcp_connection", "action_status": "succeeded", "timestamp": 1705312200.40, "task_level": [1, 2, 2, 1, 1, 1, 1, 2, 2], "handshake_time_ms": 5}
{"task_uuid": "web-req-001", "action_type": "http_request_send", "action_status": "started", "timestamp": 1705312200.41, "task_level": [1, 2, 2, 1, 1, 1, 1, 2, 2, 1]}
{"task_uuid": "web-req-001", "action_type": "http_request_send", "action_status": "succeeded", "timestamp": 1705312200.44, "task_level": [1, 2, 2, 1, 1, 1, 1, 2, 2, 2], "status_code": 200}
{"task_uuid": "web-req-001", "action_type": "http_client_send", "action_status": "succeeded", "timestamp": 1705312200.45, "task_level": [1, 2, 2, 1, 1, 1, 2], "response_time_ms": 90}
{"task_uuid": "web-req-001", "action_type": "inventory_service_call", "action_status": "succeeded", "timestamp": 1705312200.46, "task_level": [1, 2, 2, 1, 1, 2], "reserved": true}
{"task_uuid": "web-req-001", "action_type": "inventory_reserve", "action_status": "succeeded", "timestamp": 1705312200.47, "task_level": [1, 2, 2, 1, 2], "reservation_id": "RES-456"}
{"task_uuid": "web-req-001", "action_type": "payment_processor", "action_status": "started", "timestamp": 1705312200.48, "task_level": [1, 2, 2, 1, 2, 1], "amount": 299.99, "currency": "USD"}
{"task_uuid": "web-req-001", "action_type": "payment_gateway_call", "action_status": "started", "timestamp": 1705312200.49, "task_level": [1, 2, 2, 1, 2, 1, 1], "gateway": "stripe"}
{"task_uuid": "web-req-001", "action_type": "payment_gateway_call", "action_status": "succeeded", "timestamp": 1705312200.54, "task_level": [1, 2, 2, 1, 2, 1, 2], "transaction_id": "txn_8a7b6c5d"}
{"task_uuid": "web-req-001", "action_type": "payment_processor", "action_status": "succeeded", "timestamp": 1705312200.55, "task_level": [1, 2, 2, 1, 2, 2], "payment_status": "captured"}
{"task_uuid": "web-req-001", "action_type": "order_persistence", "action_status": "started", "timestamp": 1705312200.56, "task_level": [1, 2, 2, 1, 2, 2, 1]}
{"task_uuid": "web-req-001", "action_type": "database_transaction_begin", "action_status": "started", "timestamp": 1705312200.57, "task_level": [1, 2, 2, 1, 2, 2, 1, 1], "isolation": "read_committed"}
{"task_uuid": "web-req-001", "action_type": "database_transaction_begin", "action_status": "succeeded", "timestamp": 1705312200.58, "task_level": [1, 2, 2, 1, 2, 2, 1, 2], "tx_id": "tx-98765"}
{"task_uuid": "web-req-001", "action_type": "sql_insert", "action_status": "started", "timestamp": 1705312200.59, "task_level": [1, 2, 2, 1, 2, 2, 1, 2, 1], "table": "orders"}
{"task_uuid": "web-req-001", "action_type": "sql_insert", "action_status": "succeeded", "timestamp": 1705312200.61, "task_level": [1, 2, 2, 1, 2, 2, 1, 2, 2], "rows_affected": 1}
{"task_uuid": "web-req-001", "action_type": "sql_insert", "action_status": "started", "timestamp": 1705312200.62, "task_level": [1, 2, 2, 1, 2, 2, 1, 2, 2, 1], "table": "order_items"}
{"task_uuid": "web-req-001", "action_type": "sql_insert", "action_status": "succeeded", "timestamp": 1705312200.64, "task_level": [1, 2, 2, 1, 2, 2, 1, 2, 2, 2], "rows_affected": 3}
{"task_uuid": "web-req-001", "action_type": "database_transaction_commit", "action_status": "started", "timestamp": 1705312200.65, "task_level": [1, 2, 2, 1, 2, 2, 1, 2, 2, 2, 1]}
{"task_uuid": "web-req-001", "action_type": "database_transaction_commit", "action_status": "succeeded", "timestamp": 1705312200.67, "task_level": [1, 2, 2, 1, 2, 2, 1, 2, 2, 2, 2], "tx_id": "tx-98765"}
{"task_uuid": "web-req-001", "action_type": "order_persistence", "action_status": "succeeded", "timestamp": 1705312200.68, "task_level": [1, 2, 2, 1, 2, 2, 2], "order_saved": true}
{"task_uuid": "web-req-001", "action_type": "order_processor", "action_status": "succeeded", "timestamp": 1705312200.69, "task_level": [1, 2, 2, 2], "order_completed": true}
{"task_uuid": "web-req-001", "action_type": "event_publisher", "action_status": "started", "timestamp": 1705312200.70, "task_level": [1, 2, 2, 2, 1], "event_type": "order.created"}
{"task_uuid": "web-req-001", "action_type": "kafka_producer_send", "action_status": "started", "timestamp": 1705312200.71, "task_level": [1, 2, 2, 2, 1, 1], "topic": "orders", "partition": 2}
{"task_uuid": "web-req-001", "action_type": "kafka_producer_send", "action_status": "succeeded", "timestamp": 1705312200.73, "task_level": [1, 2, 2, 2, 1, 2], "offset": 15432}
{"task_uuid": "web-req-001", "action_type": "event_publisher", "action_status": "succeeded", "timestamp": 1705312200.74, "task_level": [1, 2, 2, 2, 2], "published": true}
{"task_uuid": "web-req-001", "action_type": "cache_invalidate", "action_status": "started", "timestamp": 1705312200.75, "task_level": [1, 2, 2, 2, 2, 1], "pattern": "user:12345:orders*"}
{"task_uuid": "web-req-001", "action_type": "redis_pipeline", "action_status": "started", "timestamp": 1705312200.76, "task_level": [1, 2, 2, 2, 2, 1, 1], "commands": 3}
{"task_uuid": "web-req-001", "action_type": "redis_pipeline", "action_status": "succeeded", "timestamp": 1705312200.77, "task_level": [1, 2, 2, 2, 2, 1, 2], "keys_deleted": 3}
{"task_uuid": "web-req-001", "action_type": "cache_invalidate", "action_status": "succeeded", "timestamp": 1705312200.78, "task_level": [1, 2, 2, 2, 2, 2], "invalidated": true}
{"task_uuid": "web-req-001", "action_type": "http_request_handler", "action_status": "succeeded", "timestamp": 1705312200.79, "task_level": [2], "status_code": 201, "response_size_bytes": 512, "total_time_ms": 790}
