{"user":"alice123","action_status":"started","timestamp":1770283183.6174397,"task_uuid":"27c5faf2-e6f0-4723-966a-e1af172987a9","action_type":"user:login","task_level":[1]}
{"timestamp":1770283183.617517,"task_uuid":"27c5faf2-e6f0-4723-966a-e1af172987a9","task_level":[],"method":"password","message_type":"loggerx:info","message":"Validating credentials"}
{"timestamp":1770283183.7176754,"task_uuid":"27c5faf2-e6f0-4723-966a-e1af172987a9","task_level":[],"message_type":"loggerx:info","message":"Checking user permissions"}
{"timestamp":1770283183.7678783,"task_uuid":"27c5faf2-e6f0-4723-966a-e1af172987a9","task_level":[],"session_id":"sess_abc123","message_type":"loggerx:success","message":"User logged in successfully"}
{"action_status":"succeeded","timestamp":1770283183.767981,"task_uuid":"27c5faf2-e6f0-4723-966a-e1af172987a9","action_type":"user:login","task_level":[2]}
{"order_id":"ORD-12345","action_status":"started","timestamp":1770283183.7680604,"task_uuid":"812552fc-3e63-4084-8936-2d98721930b2","action_type":"order:process","task_level":[1]}
{"timestamp":1770283183.7680845,"task_uuid":"812552fc-3e63-4084-8936-2d98721930b2","task_level":[],"total_amount":99.99,"items":3,"message_type":"loggerx:info","message":"Order received"}
{"payment_method":"credit_card","action_status":"started","timestamp":1770283183.7681081,"task_uuid":"812552fc-3e63-4084-8936-2d98721930b2","action_type":"payment:process","task_level":[2,1]}
{"timestamp":1770283183.7681212,"task_uuid":"812552fc-3e63-4084-8936-2d98721930b2","task_level":[2],"gateway":"stripe","message_type":"loggerx:info","message":"Contacting payment gateway"}
{"timestamp":1770283183.8682454,"task_uuid":"812552fc-3e63-4084-8936-2d98721930b2","task_level":[2],"amount":99.99,"last_four":"4242","message_type":"loggerx:info","message":"Charging card"}
{"timestamp":1770283183.9684284,"task_uuid":"812552fc-3e63-4084-8936-2d98721930b2","task_level":[2],"transaction_id":"txn_abc123","message_type":"loggerx:success","message":"Payment authorized"}
{"action_status":"succeeded","timestamp":1770283183.9684823,"task_uuid":"812552fc-3e63-4084-8936-2d98721930b2","action_type":"payment:process","task_level":[2,2]}
{"warehouse":"WH-01","action_status":"started","timestamp":1770283183.9685085,"task_uuid":"812552fc-3e63-4084-8936-2d98721930b2","action_type":"inventory:reserve","task_level":[3,1]}
{"timestamp":1770283183.968526,"task_uuid":"812552fc-3e63-4084-8936-2d98721930b2","task_level":[3],"message_type":"loggerx:info","message":"Checking stock levels"}
{"timestamp":1770283184.0186012,"task_uuid":"812552fc-3e63-4084-8936-2d98721930b2","task_level":[3],"item_ids":["ITEM-001","ITEM-002","ITEM-003"],"message_type":"loggerx:info","message":"Reserving items"}
{"timestamp":1770283184.0687187,"task_uuid":"812552fc-3e63-4084-8936-2d98721930b2","task_level":[3],"reservation_id":"res_xyz789","message_type":"loggerx:success","message":"Items reserved"}
{"action_status":"succeeded","timestamp":1770283184.068813,"task_uuid":"812552fc-3e63-4084-8936-2d98721930b2","action_type":"inventory:reserve","task_level":[3,2]}
{"carrier":"FedEx","action_status":"started","timestamp":1770283184.068833,"task_uuid":"812552fc-3e63-4084-8936-2d98721930b2","action_type":"shipping:prepare","task_level":[4,1]}
{"timestamp":1770283184.068847,"task_uuid":"812552fc-3e63-4084-8936-2d98721930b2","task_level":[4],"message_type":"loggerx:info","message":"Generating shipping label"}
{"timestamp":1770283184.1489558,"task_uuid":"812552fc-3e63-4084-8936-2d98721930b2","task_level":[4],"printer":"LabelPrinter-01","message_type":"loggerx:info","message":"Printing label"}
{"timestamp":1770283184.1991005,"task_uuid":"812552fc-3e63-4084-8936-2d98721930b2","task_level":[4],"tracking_number":"1Z999AA10123456784","message_type":"loggerx:success","message":"Label created"}
{"action_status":"succeeded","timestamp":1770283184.1991265,"task_uuid":"812552fc-3e63-4084-8936-2d98721930b2","action_type":"shipping:prepare","task_level":[4,2]}
{"timestamp":1770283184.199146,"task_uuid":"812552fc-3e63-4084-8936-2d98721930b2","task_level":[],"order_id":"ORD-12345","estimated_delivery":"2026-02-08","message_type":"loggerx:success","message":"Order processed successfully"}
{"action_status":"succeeded","timestamp":1770283184.1991746,"task_uuid":"812552fc-3e63-4084-8936-2d98721930b2","action_type":"order:process","task_level":[5]}
{"database":"production","action_status":"started","timestamp":1770283184.1992238,"task_uuid":"5d3c7b9a-04c0-4ac1-a789-31c5fee4994f","action_type":"database:backup","task_level":[1]}
{"timestamp":1770283184.1992395,"task_uuid":"5d3c7b9a-04c0-4ac1-a789-31c5fee4994f","task_level":[],"target":"/backups/2026-02-05","message_type":"loggerx:info","message":"Starting backup"}
{"timestamp":1770283184.2993288,"task_uuid":"5d3c7b9a-04c0-4ac1-a789-31c5fee4994f","task_level":[],"size_gb":150,"message_type":"loggerx:info","message":"Copying database files"}
{"errno":null,"exception":"builtins.OSError","reason":"Disk full: cannot write backup file","action_status":"failed","timestamp":1770283184.3994994,"task_uuid":"5d3c7b9a-04c0-4ac1-a789-31c5fee4994f","action_type":"database:backup","task_level":[2]}
{"timestamp":1770283184.3996186,"task_uuid":"8ec62c98-8b56-4c56-b491-10c61a528774","task_level":[1],"error":"Disk full: cannot write backup file","disk_space_available":"0GB","message_type":"loggerx:error","message":"Backup failed"}
{"batch_size":100,"action_status":"started","timestamp":1770283184.3996685,"task_uuid":"b386b763-28b3-4df4-b868-7c582c917d70","action_type":"batch:process_users","task_level":[1]}
{"timestamp":1770283184.3996894,"task_uuid":"b386b763-28b3-4df4-b868-7c582c917d70","task_level":[],"message_type":"loggerx:info","message":"Processing user batch"}
{"user_id":1,"action_status":"started","timestamp":1770283184.3997114,"task_uuid":"b386b763-28b3-4df4-b868-7c582c917d70","action_type":"user:process","task_level":[2,1]}
{"timestamp":1770283184.3997307,"task_uuid":"b386b763-28b3-4df4-b868-7c582c917d70","task_level":[2],"message_type":"loggerx:info","message":"Fetching user data"}
{"timestamp":1770283184.4298067,"task_uuid":"b386b763-28b3-4df4-b868-7c582c917d70","task_level":[2],"message_type":"loggerx:info","message":"Updating user profile"}
{"timestamp":1770283184.4498844,"task_uuid":"b386b763-28b3-4df4-b868-7c582c917d70","task_level":[2],"user_id":1,"message_type":"loggerx:success","message":"User processed"}
{"action_status":"succeeded","timestamp":1770283184.4499023,"task_uuid":"b386b763-28b3-4df4-b868-7c582c917d70","action_type":"user:process","task_level":[2,2]}
{"user_id":2,"action_status":"started","timestamp":1770283184.4499164,"task_uuid":"b386b763-28b3-4df4-b868-7c582c917d70","action_type":"user:process","task_level":[3,1]}
{"timestamp":1770283184.449929,"task_uuid":"b386b763-28b3-4df4-b868-7c582c917d70","task_level":[3],"message_type":"loggerx:info","message":"Fetching user data"}
{"timestamp":1770283184.480017,"task_uuid":"b386b763-28b3-4df4-b868-7c582c917d70","task_level":[3],"message_type":"loggerx:info","message":"Updating user profile"}
{"timestamp":1770283184.500119,"task_uuid":"b386b763-28b3-4df4-b868-7c582c917d70","task_level":[3],"user_id":2,"message_type":"loggerx:success","message":"User processed"}
{"action_status":"succeeded","timestamp":1770283184.500139,"task_uuid":"b386b763-28b3-4df4-b868-7c582c917d70","action_type":"user:process","task_level":[3,2]}
{"user_id":3,"action_status":"started","timestamp":1770283184.5001543,"task_uuid":"b386b763-28b3-4df4-b868-7c582c917d70","action_type":"user:process","task_level":[4,1]}
{"timestamp":1770283184.5001667,"task_uuid":"b386b763-28b3-4df4-b868-7c582c917d70","task_level":[4],"message_type":"loggerx:info","message":"Fetching user data"}
{"timestamp":1770283184.5302386,"task_uuid":"b386b763-28b3-4df4-b868-7c582c917d70","task_level":[4],"message_type":"loggerx:info","message":"Updating user profile"}
{"timestamp":1770283184.550321,"task_uuid":"b386b763-28b3-4df4-b868-7c582c917d70","task_level":[4],"user_id":3,"message_type":"loggerx:success","message":"User processed"}
{"action_status":"succeeded","timestamp":1770283184.5503461,"task_uuid":"b386b763-28b3-4df4-b868-7c582c917d70","action_type":"user:process","task_level":[4,2]}
{"user_id":4,"action_status":"started","timestamp":1770283184.550367,"task_uuid":"b386b763-28b3-4df4-b868-7c582c917d70","action_type":"user:process","task_level":[5,1]}
{"timestamp":1770283184.5503902,"task_uuid":"b386b763-28b3-4df4-b868-7c582c917d70","task_level":[5],"message_type":"loggerx:info","message":"Fetching user data"}
{"timestamp":1770283184.5804703,"task_uuid":"b386b763-28b3-4df4-b868-7c582c917d70","task_level":[5],"missing_fields":["email","phone"],"message_type":"loggerx:warning","message":"User data incomplete"}
{"exception":"builtins.ValueError","reason":"Required fields missing","action_status":"failed","timestamp":1770283184.5805128,"task_uuid":"b386b763-28b3-4df4-b868-7c582c917d70","action_type":"user:process","task_level":[5,2]}
{"timestamp":1770283184.5805302,"task_uuid":"b386b763-28b3-4df4-b868-7c582c917d70","task_level":[],"user_id":4,"message_type":"loggerx:error","message":"User processing failed"}
{"user_id":5,"action_status":"started","timestamp":1770283184.5805497,"task_uuid":"b386b763-28b3-4df4-b868-7c582c917d70","action_type":"user:process","task_level":[6,1]}
{"timestamp":1770283184.580562,"task_uuid":"b386b763-28b3-4df4-b868-7c582c917d70","task_level":[6],"message_type":"loggerx:info","message":"Fetching user data"}
{"timestamp":1770283184.6106403,"task_uuid":"b386b763-28b3-4df4-b868-7c582c917d70","task_level":[6],"user_id":5,"message_type":"loggerx:success","message":"User processed"}
{"action_status":"succeeded","timestamp":1770283184.6106665,"task_uuid":"b386b763-28b3-4df4-b868-7c582c917d70","action_type":"user:process","task_level":[6,2]}
{"user_id":6,"action_status":"started","timestamp":1770283184.61068,"task_uuid":"b386b763-28b3-4df4-b868-7c582c917d70","action_type":"user:process","task_level":[7,1]}
{"timestamp":1770283184.6106925,"task_uuid":"b386b763-28b3-4df4-b868-7c582c917d70","task_level":[7],"message_type":"loggerx:info","message":"Fetching user data"}
{"timestamp":1770283184.6407979,"task_uuid":"b386b763-28b3-4df4-b868-7c582c917d70","task_level":[7],"user_id":6,"message_type":"loggerx:success","message":"User processed"}
{"action_status":"succeeded","timestamp":1770283184.6408834,"task_uuid":"b386b763-28b3-4df4-b868-7c582c917d70","action_type":"user:process","task_level":[7,2]}
{"timestamp":1770283184.6409023,"task_uuid":"b386b763-28b3-4df4-b868-7c582c917d70","task_level":[],"total":6,"successful":5,"failed":1,"message_type":"loggerx:success","message":"Batch completed"}
{"action_status":"succeeded","timestamp":1770283184.640919,"task_uuid":"b386b763-28b3-4df4-b868-7c582c917d70","action_type":"batch:process_users","task_level":[8]}
{"report_type":"monthly_sales","action_status":"started","timestamp":1770283184.6409533,"task_uuid":"3a0bb7fd-ecb9-440a-b5c9-05fa1d8da971","action_type":"report:generate","task_level":[1]}
{"timestamp":1770283184.640968,"task_uuid":"3a0bb7fd-ecb9-440a-b5c9-05fa1d8da971","task_level":[],"month":"February","year":2026,"message_type":"loggerx:info","message":"Starting report generation"}
{"source":"database","action_status":"started","timestamp":1770283184.6409838,"task_uuid":"3a0bb7fd-ecb9-440a-b5c9-05fa1d8da971","action_type":"data:fetch","task_level":[2,1]}
{"timestamp":1770283184.6409948,"task_uuid":"3a0bb7fd-ecb9-440a-b5c9-05fa1d8da971","task_level":[2],"table":"orders","message_type":"loggerx:info","message":"Querying sales data"}
{"timestamp":1770283184.7211218,"task_uuid":"3a0bb7fd-ecb9-440a-b5c9-05fa1d8da971","task_level":[2],"count":15234,"message_type":"loggerx:success","message":"Fetched records"}
{"action_status":"succeeded","timestamp":1770283184.7212255,"task_uuid":"3a0bb7fd-ecb9-440a-b5c9-05fa1d8da971","action_type":"data:fetch","task_level":[2,2]}
{"source":"api","action_status":"started","timestamp":1770283184.7212477,"task_uuid":"3a0bb7fd-ecb9-440a-b5c9-05fa1d8da971","action_type":"data:fetch","task_level":[3,1]}
{"timestamp":1770283184.7212632,"task_uuid":"3a0bb7fd-ecb9-440a-b5c9-05fa1d8da971","task_level":[3],"api":"analytics-service","message_type":"loggerx:info","message":"Fetching external data"}
{"timestamp":1770283184.8413894,"task_uuid":"3a0bb7fd-ecb9-440a-b5c9-05fa1d8da971","task_level":[3],"metrics":["conversion_rate","avg_order_value"],"message_type":"loggerx:success","message":"Fetched metrics"}
{"action_status":"succeeded","timestamp":1770283184.8414924,"task_uuid":"3a0bb7fd-ecb9-440a-b5c9-05fa1d8da971","action_type":"data:fetch","task_level":[3,2]}
{"source":"cache","action_status":"started","timestamp":1770283184.8415155,"task_uuid":"3a0bb7fd-ecb9-440a-b5c9-05fa1d8da971","action_type":"data:fetch","task_level":[4,1]}
{"timestamp":1770283184.841531,"task_uuid":"3a0bb7fd-ecb9-440a-b5c9-05fa1d8da971","task_level":[4],"cache_key":"monthly_aggregates","message_type":"loggerx:info","message":"Loading cached data"}
{"timestamp":1770283184.871614,"task_uuid":"3a0bb7fd-ecb9-440a-b5c9-05fa1d8da971","task_level":[4],"items":42,"message_type":"loggerx:success","message":"Cache hit"}
{"action_status":"succeeded","timestamp":1770283184.8716416,"task_uuid":"3a0bb7fd-ecb9-440a-b5c9-05fa1d8da971","action_type":"data:fetch","task_level":[4,2]}
{"format":"PDF","action_status":"started","timestamp":1770283184.8716564,"task_uuid":"3a0bb7fd-ecb9-440a-b5c9-05fa1d8da971","action_type":"report:render","task_level":[5,1]}
{"timestamp":1770283184.87167,"task_uuid":"3a0bb7fd-ecb9-440a-b5c9-05fa1d8da971","task_level":[5],"message_type":"loggerx:info","message":"Rendering charts and tables"}
{"timestamp":1770283184.9717867,"task_uuid":"3a0bb7fd-ecb9-440a-b5c9-05fa1d8da971","task_level":[5],"file":"monthly_sales_202602.pdf","pages":23,"message_type":"loggerx:success","message":"Report generated"}
{"action_status":"succeeded","timestamp":1770283184.9718895,"task_uuid":"3a0bb7fd-ecb9-440a-b5c9-05fa1d8da971","action_type":"report:render","task_level":[5,2]}
{"action_status":"succeeded","timestamp":1770283184.971909,"task_uuid":"3a0bb7fd-ecb9-440a-b5c9-05fa1d8da971","action_type":"report:generate","task_level":[6]}
{"timestamp":1770283184.9719439,"task_uuid":"4a3baaf4-afdc-482f-9790-179984204811","task_level":[1],"tutorial":"02_actions_and_context","message_type":"loggerx:success","message":"Tutorial completed!"}
