{"timestamp":1770284226.6481652,"task_uuid":"91971092-dad0-47e1-b9cc-f78edf619cc1","task_level":[1],"message_type":"loggerx:info","message":"=== Demo: @log.logged ==="}
{"timestamp":1770284226.6483428,"task_uuid":"8df11ef7-5bc6-4001-9d3f-3e574c7be24f","task_level":[1],"items":[{"name":"Widget","price":10.0,"quantity":2},{"name":"Gadget","price":25.0,"quantity":1},{"name":"Doohickey","price":5.0,"quantity":3}],"tax_rate":0.08,"action_type":"__main__.calculate_total","action_status":"started"}
{"timestamp":1770284226.6984632,"task_uuid":"8df11ef7-5bc6-4001-9d3f-3e574c7be24f","task_level":[1,1],"items":[{"name":"Widget","price":10.0,"quantity":2},{"name":"Gadget","price":25.0,"quantity":1},{"name":"Doohickey","price":5.0,"quantity":3}],"tax_rate":0.08,"result":64.8,"eliot:duration":0.050118,"action_type":"__main__.calculate_total","action_status":"succeeded"}
{"timestamp":1770284226.6985142,"task_uuid":"7d7b7288-f949-4927-87b3-0b79b1a62fc6","task_level":[1],"total":64.8,"message_type":"loggerx:info","message":"Total calculated"}
{"timestamp":1770284226.698601,"task_uuid":"b4f95f98-ec31-4463-8b36-6804a7ed1f44","task_level":[1],"amount":64.8,"card_number":"4532-1234-5678-9012","cvv":"123","action_type":"__main__.process_payment","action_status":"started"}
{"timestamp":1770284226.7987041,"task_uuid":"b4f95f98-ec31-4463-8b36-6804a7ed1f44","task_level":[1,1],"amount":64.8,"card_number":"4532-1234-5678-9012","cvv":"123","result":{"success":true,"transaction_id":"txn_1203"},"eliot:duration":0.1001,"action_type":"__main__.process_payment","action_status":"succeeded"}
{"timestamp":1770284226.7987518,"task_uuid":"4fbc0acd-bd9e-40a1-9e70-355362476105","task_level":[1],"result":{"success":true,"transaction_id":"txn_1203"},"message_type":"loggerx:info","message":"Payment processed"}
{"timestamp":1770284226.7987828,"task_uuid":"c11d4a17-90f7-499b-af83-a1be4fcbb55c","task_level":[1],"action_type":"__main__.handle_sensitive_data","action_status":"started"}
{"timestamp":1770284226.8288941,"task_uuid":"c11d4a17-90f7-499b-af83-a1be4fcbb55c","task_level":[1,1],"eliot:duration":0.0301,"action_type":"__main__.handle_sensitive_data","action_status":"succeeded"}
{"timestamp":1770284226.8290308,"task_uuid":"6640a121-976d-4391-af00-4c8a3cc6318f","task_level":[1],"message_type":"loggerx:info","message":"=== Demo: @log.timed ==="}
{"timestamp":1770284226.979138,"task_uuid":"fc39410a-5b21-46e5-aad7-f100bdf4b776","task_level":[1],"metric":"database_query_time","duration_ms":150.07,"message_type":"loggerx:debug","message":"⏱ fetch_user_data"}
{"timestamp":1770284226.979182,"task_uuid":"e3813a0b-dc2a-426e-918d-9e676647c3dc","task_level":[1],"user_id":101,"name":"User 101","message_type":"loggerx:info","message":"User data fetched"}
{"timestamp":1770284227.1293607,"task_uuid":"30869c05-f23d-41ae-975a-3a41d8806436","task_level":[1],"metric":"database_query_time","duration_ms":150.11,"message_type":"loggerx:debug","message":"⏱ fetch_user_data"}
{"timestamp":1770284227.129436,"task_uuid":"d5b1d082-cac2-4c9a-8a90-a45ca8f34f7d","task_level":[1],"user_id":102,"name":"User 102","message_type":"loggerx:info","message":"User data fetched"}
{"timestamp":1770284227.279534,"task_uuid":"5773c1c4-7c8c-48ef-89ad-09b62bcadb82","task_level":[1],"metric":"database_query_time","duration_ms":150.06,"message_type":"loggerx:debug","message":"⏱ fetch_user_data"}
{"timestamp":1770284227.2795742,"task_uuid":"a830b5e8-e357-4351-a744-baad7cb022f3","task_level":[1],"user_id":103,"name":"User 103","message_type":"loggerx:info","message":"User data fetched"}
{"timestamp":1770284227.3269098,"task_uuid":"0f22d7e9-0191-44c3-ba3c-b5c99021c132","task_level":[1],"metric":"cache_operation","duration_ms":47.28,"message_type":"loggerx:debug","message":"⏱ cache_lookup"}
{"timestamp":1770284227.32695,"task_uuid":"ed386789-5f6b-4ccc-8d70-2980bcd108c9","task_level":[1],"key":"user_session","message_type":"loggerx:info","message":"Cache lookup complete"}
{"timestamp":1770284227.403452,"task_uuid":"cd2fc283-2532-4925-a334-55d438426513","task_level":[1],"metric":"cache_operation","duration_ms":76.46,"message_type":"loggerx:debug","message":"⏱ cache_lookup"}
{"timestamp":1770284227.4035,"task_uuid":"b43230ce-9ac2-4359-831c-5a4f2f607dbe","task_level":[1],"key":"cache_data","message_type":"loggerx:info","message":"Cache lookup complete"}
{"timestamp":1770284227.4464793,"task_uuid":"94d27d11-d00f-4ded-bbf3-4e9420909bf3","task_level":[1],"metric":"cache_operation","duration_ms":42.94,"message_type":"loggerx:debug","message":"⏱ cache_lookup"}
{"timestamp":1770284227.4465175,"task_uuid":"48aae531-4d3e-47f9-a685-101f8dba53fa","task_level":[1],"key":"temp_storage","message_type":"loggerx:info","message":"Cache lookup complete"}
{"timestamp":1770284227.4465435,"task_uuid":"42bf9975-9280-4237-8a52-5c06a36f3c6e","task_level":[1],"message_type":"loggerx:info","message":"=== Demo: @log.retry ==="}
{"timestamp":1770284227.4465787,"task_uuid":"580cce73-5cc6-4f7e-a227-5cfe0c488274","task_level":[1],"error":"Failed to connect to /api/v1/data","message_type":"loggerx:warning","message":"Retry 1"}
{"timestamp":1770284227.4966977,"task_uuid":"e69430f3-a0e5-457d-8f28-d89633c94aea","task_level":[1],"error":"Failed to connect to /api/v1/data","message_type":"loggerx:warning","message":"Retry 2"}
{"timestamp":1770284227.596822,"task_uuid":"e6741223-fbbc-48b1-a363-bcf1eea3e0b0","task_level":[1],"result":{"status":"success","data":"API response data"},"message_type":"loggerx:success","message":"API call succeeded after retries"}
{"timestamp":1770284227.596866,"task_uuid":"609f088e-5410-4bad-9df3-2afd400456b5","task_level":[1],"size":43,"message_type":"loggerx:success","message":"File downloaded"}
{"timestamp":1770284227.5968895,"task_uuid":"dce2eaff-b5f8-4e97-9152-3f150b5b497e","task_level":[1],"message_type":"loggerx:info","message":"=== Demo: Combined Decorators ==="}
{"timestamp":1770284227.5970178,"task_uuid":"ff6f3232-277f-40a6-9baa-f3fce349cac2","task_level":[1],"data":{"records":[0,1,2,3,4,5,6,7,8,9,10,11,12,13,14,15,16,17,18,19,20,21,22,23,24,25,26,27,28,29,30,31,32,33,34,35,36,37,38,39,40,41,42,43,44,45,46,47,48,49,50,51,52,53,54,55,56,57,58,59,60,61,62,63,64,65,66,67,68,69,70,71,72,73,74,75,76,77,78,79,80,81,82,83,84,85,86,87,88,89,90,91,92,93,94,95,96,97,98,99],"metadata":{"version":1}},"action_type":"__main__.complex_operation","action_status":"started"}
{"timestamp":1770284227.5970476,"task_uuid":"ff6f3232-277f-40a6-9baa-f3fce349cac2","task_level":[1],"data_size":2,"message_type":"loggerx:info","message":"Starting complex processing"}
{"timestamp":1770284227.6771343,"task_uuid":"ff6f3232-277f-40a6-9baa-f3fce349cac2","task_level":[1],"message_type":"loggerx:info","message":"📍 Step 1: Validation complete"}
{"timestamp":1770284227.797277,"task_uuid":"ff6f3232-277f-40a6-9baa-f3fce349cac2","task_level":[1],"message_type":"loggerx:info","message":"📍 Step 2: Transformation complete"}
{"timestamp":1770284227.8474426,"task_uuid":"ff6f3232-277f-40a6-9baa-f3fce349cac2","task_level":[1],"message_type":"loggerx:info","message":"📍 Step 3: Output generation complete"}
{"timestamp":1770284227.8474941,"task_uuid":"ff6f3232-277f-40a6-9baa-f3fce349cac2","task_level":[1],"metric":"complex_operation_time","duration_ms":250.44,"message_type":"loggerx:debug","message":"⏱ complex_operation"}
{"timestamp":1770284227.8475316,"task_uuid":"ff6f3232-277f-40a6-9baa-f3fce349cac2","task_level":[1,1],"data":{"records":[0,1,2,3,4,5,6,7,8,9,10,11,12,13,14,15,16,17,18,19,20,21,22,23,24,25,26,27,28,29,30,31,32,33,34,35,36,37,38,39,40,41,42,43,44,45,46,47,48,49,50,51,52,53,54,55,56,57,58,59,60,61,62,63,64,65,66,67,68,69,70,71,72,73,74,75,76,77,78,79,80,81,82,83,84,85,86,87,88,89,90,91,92,93,94,95,96,97,98,99],"metadata":{"version":1}},"result":{"processed":true,"output_size":4},"eliot:duration":0.250512,"action_type":"__main__.complex_operation","action_status":"succeeded"}
{"timestamp":1770284227.847577,"task_uuid":"83fcd0cb-0b5e-43b2-83fc-f96f918188a2","task_level":[1],"result":{"processed":true,"output_size":4},"message_type":"loggerx:success","message":"Complex operation completed"}
{"timestamp":1770284227.8476217,"task_uuid":"46deba35-845a-412a-8576-9c326ffccfd8","task_level":[1],"tutorial":"03_decorators","message_type":"loggerx:success","message":"Tutorial completed!"}
