{"action_status":"started","timestamp":1770284227.6376553,"task_uuid":"0f0f9e15-e67a-498b-b397-f9c2925010d7","action_type":"demo:basic_exception","task_level":[1]}
{"timestamp":1770284227.6377234,"task_uuid":"0f0f9e15-e67a-498b-b397-f9c2925010d7","task_level":[],"message_type":"loggerx:info","message":"Attempting risky operation"}
{"timestamp":1770284227.6382146,"task_uuid":"0f0f9e15-e67a-498b-b397-f9c2925010d7","task_level":[],"operation":"10 / 0","eliot:traceback":"Traceback (most recent call last):\n  File \"/mnt/N1/MZ/AMZ/Projects/Prog/a_cross/log-x-py/tutorials/tutorial_04_error_handling.py\", line 40, in demo_basic_exception\n    result = 10 / 0\n             ~~~^~~\nZeroDivisionError: division by zero\n","message_type":"loggerx:error","message":"Division by zero error"}
{"action_status":"succeeded","timestamp":1770284227.6382475,"task_uuid":"0f0f9e15-e67a-498b-b397-f9c2925010d7","action_type":"demo:basic_exception","task_level":[2]}
{"user_id":1,"action_status":"started","timestamp":1770284227.6382768,"task_uuid":"23755034-c573-4389-9096-2d84437afadc","action_type":"user:process_data","task_level":[1]}
{"timestamp":1770284227.638294,"task_uuid":"23755034-c573-4389-9096-2d84437afadc","task_level":[],"fields":["email","name"],"message_type":"loggerx:info","message":"Validating user data"}
{"timestamp":1770284227.6383128,"task_uuid":"23755034-c573-4389-9096-2d84437afadc","task_level":[],"user_id":1,"message_type":"loggerx:success","message":"User data validated"}
{"action_status":"succeeded","timestamp":1770284227.6383262,"task_uuid":"23755034-c573-4389-9096-2d84437afadc","action_type":"user:process_data","task_level":[2]}
{"user_id":2,"action_status":"started","timestamp":1770284227.6383429,"task_uuid":"b9ba70f7-8b7d-41c5-ab2f-692493e10c3d","action_type":"user:process_data","task_level":[1]}
{"timestamp":1770284227.6383557,"task_uuid":"b9ba70f7-8b7d-41c5-ab2f-692493e10c3d","task_level":[],"fields":["name"],"message_type":"loggerx:info","message":"Validating user data"}
{"timestamp":1770284227.6383736,"task_uuid":"b9ba70f7-8b7d-41c5-ab2f-692493e10c3d","task_level":[],"user_id":2,"error":"Email field is required","data_received":{"name":"Bob"},"message_type":"loggerx:error","message":"Validation failed"}
{"exception":"builtins.ValueError","reason":"Email field is required","action_status":"failed","timestamp":1770284227.6383939,"task_uuid":"b9ba70f7-8b7d-41c5-ab2f-692493e10c3d","action_type":"user:process_data","task_level":[2]}
{"timestamp":1770284227.6384122,"task_uuid":"ee4a7fb0-2207-4a9b-8a62-d8ef38ca93fa","task_level":[1],"user_id":2,"message_type":"loggerx:warning","message":"Skipping invalid user"}
{"user_id":3,"action_status":"started","timestamp":1770284227.6384313,"task_uuid":"fe60dddf-240d-4daf-8f5f-1b59d91119e5","action_type":"user:process_data","task_level":[1]}
{"timestamp":1770284227.6384428,"task_uuid":"fe60dddf-240d-4daf-8f5f-1b59d91119e5","task_level":[],"fields":["email","name"],"message_type":"loggerx:info","message":"Validating user data"}
{"timestamp":1770284227.638459,"task_uuid":"fe60dddf-240d-4daf-8f5f-1b59d91119e5","task_level":[],"user_id":3,"error":"Invalid email domain","data_received":{"email":"charlie@wrongdomain.com","name":"Charlie"},"message_type":"loggerx:error","message":"Validation failed"}
{"exception":"builtins.ValueError","reason":"Invalid email domain","action_status":"failed","timestamp":1770284227.6384752,"task_uuid":"fe60dddf-240d-4daf-8f5f-1b59d91119e5","action_type":"user:process_data","task_level":[2]}
{"timestamp":1770284227.638491,"task_uuid":"bce0448a-2ee3-4bc7-b25a-801db95a6ecb","task_level":[1],"user_id":3,"message_type":"loggerx:warning","message":"Skipping invalid user"}
{"user_id":4,"action_status":"started","timestamp":1770284227.6385076,"task_uuid":"cff86de3-c7ce-4842-b7e4-3f367c516722","action_type":"user:process_data","task_level":[1]}
{"timestamp":1770284227.6385188,"task_uuid":"cff86de3-c7ce-4842-b7e4-3f367c516722","task_level":[],"fields":["email","name"],"message_type":"loggerx:info","message":"Validating user data"}
{"timestamp":1770284227.6385329,"task_uuid":"cff86de3-c7ce-4842-b7e4-3f367c516722","task_level":[],"user_id":4,"message_type":"loggerx:success","message":"User data validated"}
{"action_status":"succeeded","timestamp":1770284227.638552,"task_uuid":"cff86de3-c7ce-4842-b7e4-3f367c516722","action_type":"user:process_data","task_level":[2]}
{"operation":"fetch_user_list","action_status":"started","timestamp":1770284227.638572,"task_uuid":"b861687a-f342-457f-83da-d79d2649a6bd","action_type":"database:operation","task_level":[1]}
{"timestamp":1770284227.6385942,"task_uuid":"b861687a-f342-457f-83da-d79d2649a6bd","task_level":[],"host":"localhost","port":5433,"message_type":"loggerx:info","message":"Connecting to database"}
{"timestamp":1770284227.6386175,"task_uuid":"b861687a-f342-457f-83da-d79d2649a6bd","task_level":[],"host":"localhost","port":5433,"error":"Cannot connect to localhost:5433","retry_suggestion":"Check if port is correct (should be 5432)","message_type":"loggerx:error","message":"Database connection failed"}
{"action_status":"succeeded","timestamp":1770284227.6386318,"task_uuid":"b861687a-f342-457f-83da-d79d2649a6bd","action_type":"database:operation","task_level":[2]}
{"source":"primary","action_status":"started","timestamp":1770284227.6386473,"task_uuid":"3449ffc7-2993-45e3-a384-7e8cd1b1d464","action_type":"service:fetch_data","task_level":[1]}
{"timestamp":1770284227.6386583,"task_uuid":"3449ffc7-2993-45e3-a384-7e8cd1b1d464","task_level":[],"endpoint":"/api/v1/data","message_type":"loggerx:info","message":"Attempting primary data source"}
{"timestamp":1770284227.6887448,"task_uuid":"3449ffc7-2993-45e3-a384-7e8cd1b1d464","task_level":[],"error":"Primary service timeout","fallback":"Trying secondary source","message_type":"loggerx:warning","message":"Primary source failed"}
{"source":"secondary","action_status":"started","timestamp":1770284227.6887856,"task_uuid":"3449ffc7-2993-45e3-a384-7e8cd1b1d464","action_type":"service:fallback","task_level":[2,1]}
{"timestamp":1770284227.6888025,"task_uuid":"3449ffc7-2993-45e3-a384-7e8cd1b1d464","task_level":[2],"endpoint":"/api/v2/data","message_type":"loggerx:info","message":"Attempting secondary data source"}
{"timestamp":1770284227.738895,"task_uuid":"3449ffc7-2993-45e3-a384-7e8cd1b1d464","task_level":[2],"latency_ms":50,"message_type":"loggerx:success","message":"Data fetched from secondary source"}
{"action_status":"succeeded","timestamp":1770284227.7389295,"task_uuid":"3449ffc7-2993-45e3-a384-7e8cd1b1d464","action_type":"service:fallback","task_level":[2,2]}
{"action_status":"succeeded","timestamp":1770284227.7389436,"task_uuid":"3449ffc7-2993-45e3-a384-7e8cd1b1d464","action_type":"service:fetch_data","task_level":[3]}
{"total":5,"action_status":"started","timestamp":1770284227.7389662,"task_uuid":"5242d948-d028-414c-b876-efeb282db027","action_type":"batch:process_records","task_level":[1]}
{"record_id":1,"action_status":"started","timestamp":1770284227.7389822,"task_uuid":"5242d948-d028-414c-b876-efeb282db027","action_type":"record:process","task_level":[2,1]}
{"timestamp":1770284227.7389956,"task_uuid":"5242d948-d028-414c-b876-efeb282db027","task_level":[2],"record_id":1,"message_type":"loggerx:info","message":"Processing record"}
{"timestamp":1770284227.7390165,"task_uuid":"5242d948-d028-414c-b876-efeb282db027","task_level":[2],"message_type":"loggerx:info","message":"📍 Validation passed"}
{"timestamp":1770284227.7390375,"task_uuid":"5242d948-d028-414c-b876-efeb282db027","task_level":[2],"message_type":"loggerx:info","message":"📍 Transformation complete"}
{"timestamp":1770284227.7390537,"task_uuid":"5242d948-d028-414c-b876-efeb282db027","task_level":[2],"record_id":1,"message_type":"loggerx:success","message":"Record processed successfully"}
{"action_status":"succeeded","timestamp":1770284227.7390676,"task_uuid":"5242d948-d028-414c-b876-efeb282db027","action_type":"record:process","task_level":[2,2]}
{"record_id":2,"action_status":"started","timestamp":1770284227.7390804,"task_uuid":"5242d948-d028-414c-b876-efeb282db027","action_type":"record:process","task_level":[3,1]}
{"timestamp":1770284227.7390933,"task_uuid":"5242d948-d028-414c-b876-efeb282db027","task_level":[3],"record_id":2,"message_type":"loggerx:info","message":"Processing record"}
{"timestamp":1770284227.7391212,"task_uuid":"5242d948-d028-414c-b876-efeb282db027","task_level":[3],"record_id":2,"error":"Missing fields: ['email']","record_data":{"id":2,"name":"Bob","status":"active"},"message_type":"loggerx:error","message":"Record processing failed"}
{"action_status":"succeeded","timestamp":1770284227.7391424,"task_uuid":"5242d948-d028-414c-b876-efeb282db027","action_type":"record:process","task_level":[3,2]}
{"record_id":3,"action_status":"started","timestamp":1770284227.7391543,"task_uuid":"5242d948-d028-414c-b876-efeb282db027","action_type":"record:process","task_level":[4,1]}
{"timestamp":1770284227.7391663,"task_uuid":"5242d948-d028-414c-b876-efeb282db027","task_level":[4],"record_id":3,"message_type":"loggerx:info","message":"Processing record"}
{"timestamp":1770284227.7391827,"task_uuid":"5242d948-d028-414c-b876-efeb282db027","task_level":[4],"message_type":"loggerx:info","message":"📍 Validation passed"}
{"timestamp":1770284227.7392018,"task_uuid":"5242d948-d028-414c-b876-efeb282db027","task_level":[4],"record_id":3,"error":"Cannot transform invalid record","record_data":{"id":3,"name":"Charlie","email":"charlie@example.com","status":"invalid"},"message_type":"loggerx:error","message":"Record processing failed"}
{"action_status":"succeeded","timestamp":1770284227.7392175,"task_uuid":"5242d948-d028-414c-b876-efeb282db027","action_type":"record:process","task_level":[4,2]}
{"record_id":4,"action_status":"started","timestamp":1770284227.7392287,"task_uuid":"5242d948-d028-414c-b876-efeb282db027","action_type":"record:process","task_level":[5,1]}
{"timestamp":1770284227.7392406,"task_uuid":"5242d948-d028-414c-b876-efeb282db027","task_level":[5],"record_id":4,"message_type":"loggerx:info","message":"Processing record"}
{"timestamp":1770284227.7392561,"task_uuid":"5242d948-d028-414c-b876-efeb282db027","task_level":[5],"message_type":"loggerx:info","message":"📍 Validation passed"}
{"timestamp":1770284227.7392724,"task_uuid":"5242d948-d028-414c-b876-efeb282db027","task_level":[5],"message_type":"loggerx:info","message":"📍 Transformation complete"}
{"timestamp":1770284227.7392876,"task_uuid":"5242d948-d028-414c-b876-efeb282db027","task_level":[5],"record_id":4,"message_type":"loggerx:success","message":"Record processed successfully"}
{"action_status":"succeeded","timestamp":1770284227.739301,"task_uuid":"5242d948-d028-414c-b876-efeb282db027","action_type":"record:process","task_level":[5,2]}
{"record_id":5,"action_status":"started","timestamp":1770284227.7393117,"task_uuid":"5242d948-d028-414c-b876-efeb282db027","action_type":"record:process","task_level":[6,1]}
{"timestamp":1770284227.7393227,"task_uuid":"5242d948-d028-414c-b876-efeb282db027","task_level":[6],"record_id":5,"message_type":"loggerx:info","message":"Processing record"}
{"timestamp":1770284227.7393405,"task_uuid":"5242d948-d028-414c-b876-efeb282db027","task_level":[6],"record_id":5,"error":"Missing fields: ['name']","record_data":{"id":5,"email":"eve@example.com","status":"active"},"message_type":"loggerx:error","message":"Record processing failed"}
{"action_status":"succeeded","timestamp":1770284227.7393556,"task_uuid":"5242d948-d028-414c-b876-efeb282db027","action_type":"record:process","task_level":[6,2]}
{"timestamp":1770284227.7393725,"task_uuid":"5242d948-d028-414c-b876-efeb282db027","task_level":[],"total":5,"successful":2,"failed":3,"success_rate":"40.0%","message_type":"loggerx:info","message":"Batch processing complete"}
{"action_status":"succeeded","timestamp":1770284227.7393887,"task_uuid":"5242d948-d028-414c-b876-efeb282db027","action_type":"batch:process_records","task_level":[7]}
{"timestamp":1770284227.7394063,"task_uuid":"c6fd876b-eda5-4b92-bb5f-d48d3ec425b4","task_level":[1],"tutorial":"04_error_handling","message_type":"loggerx:success","message":"Tutorial completed!"}
