{"action_status":"started","timestamp":1770284228.7922063,"task_uuid":"e2505d41-e38f-47f1-a451-4f021095802b","action_type":"server:startup","task_level":[1]}
{"timestamp":1770284228.7922876,"task_uuid":"e2505d41-e38f-47f1-a451-4f021095802b","task_level":[],"version":"1.0.0","environment":"production","port":8080,"message_type":"loggerx:info","message":"API server starting"}
{"timestamp":1770284228.8424006,"task_uuid":"e2505d41-e38f-47f1-a451-4f021095802b","task_level":[],"message_type":"loggerx:success","message":"Server started successfully"}
{"action_status":"succeeded","timestamp":1770284228.8424404,"task_uuid":"e2505d41-e38f-47f1-a451-4f021095802b","action_type":"server:startup","task_level":[2]}
{"timestamp":1770284228.84247,"task_uuid":"64a73fd7-7856-4568-9465-87ee13b03b20","task_level":[1],"message_type":"loggerx:info","message":"=== Incoming Request #1 ==="}
{"request_id":"req_9495","action_status":"started","timestamp":1770284228.8425124,"task_uuid":"e6ea3ea9-8206-44fe-8a6d-99066f8f6acc","action_type":"api:get_users","task_level":[1]}
{"timestamp":1770284228.842531,"task_uuid":"e6ea3ea9-8206-44fe-8a6d-99066f8f6acc","task_level":[],"request_id":"req_9495","method":"GET","path":"/api/users","message_type":"loggerx:info","message":"Processing GET /api/users request"}
{"request_id":"req_9495","action_status":"started","timestamp":1770284228.842553,"task_uuid":"e6ea3ea9-8206-44fe-8a6d-99066f8f6acc","action_type":"auth:verify","task_level":[2,1]}
{"timestamp":1770284228.842567,"task_uuid":"e6ea3ea9-8206-44fe-8a6d-99066f8f6acc","task_level":[2],"method":"GET","path":"/api/users","ip":"192.168.1.171","message_type":"loggerx:info","message":"Authenticating request"}
{"timestamp":1770284228.8626816,"task_uuid":"e6ea3ea9-8206-44fe-8a6d-99066f8f6acc","task_level":[2],"user_id":"123","message_type":"loggerx:success","message":"Authentication successful"}
{"action_status":"succeeded","timestamp":1770284228.8627207,"task_uuid":"e6ea3ea9-8206-44fe-8a6d-99066f8f6acc","action_type":"auth:verify","task_level":[2,2]}
{"user_id":"123","action_status":"started","timestamp":1770284228.862741,"task_uuid":"e6ea3ea9-8206-44fe-8a6d-99066f8f6acc","action_type":"ratelimit:check","task_level":[3,1]}
{"timestamp":1770284228.8728333,"task_uuid":"e6ea3ea9-8206-44fe-8a6d-99066f8f6acc","task_level":[3],"current_requests":6,"limit":100,"period":"1 hour","message_type":"loggerx:info","message":"Checking rate limit"}
{"timestamp":1770284228.8728697,"task_uuid":"e6ea3ea9-8206-44fe-8a6d-99066f8f6acc","task_level":[3],"remaining":94,"message_type":"loggerx:success","message":"Rate limit OK"}
{"action_status":"succeeded","timestamp":1770284228.872888,"task_uuid":"e6ea3ea9-8206-44fe-8a6d-99066f8f6acc","action_type":"ratelimit:check","task_level":[3,2]}
{"query_type":"SELECT","action_status":"started","timestamp":1770284228.8729038,"task_uuid":"e6ea3ea9-8206-44fe-8a6d-99066f8f6acc","action_type":"db:query","task_level":[4,1]}
{"timestamp":1770284228.8729184,"task_uuid":"e6ea3ea9-8206-44fe-8a6d-99066f8f6acc","task_level":[4],"query":"SELECT * FROM users WHERE active = ?","params":{"active":true},"message_type":"loggerx:info","message":"Executing database query"}
{"timestamp":1770284228.9823108,"task_uuid":"e6ea3ea9-8206-44fe-8a6d-99066f8f6acc","task_level":[4],"rows_affected":97,"execution_time_ms":97,"message_type":"loggerx:success","message":"Query executed"}
{"action_status":"succeeded","timestamp":1770284228.9824207,"task_uuid":"e6ea3ea9-8206-44fe-8a6d-99066f8f6acc","action_type":"db:query","task_level":[4,2]}
{"timestamp":1770284228.9824471,"task_uuid":"e6ea3ea9-8206-44fe-8a6d-99066f8f6acc","task_level":[],"status_code":200,"users_count":5,"message_type":"loggerx:success","message":"Request completed"}
{"action_status":"succeeded","timestamp":1770284228.9824667,"task_uuid":"e6ea3ea9-8206-44fe-8a6d-99066f8f6acc","action_type":"api:get_users","task_level":[5]}
{"timestamp":1770284228.9824994,"task_uuid":"e8c4114c-1020-46c8-8cb0-773895915d8e","task_level":[1],"status":200,"message_type":"loggerx:success","message":"Request #1 completed"}
{"timestamp":1770284229.08267,"task_uuid":"c8c09f9b-d3a0-4bc7-b763-96da317a35a6","task_level":[1],"message_type":"loggerx:info","message":"=== Incoming Request #2 ==="}
{"request_id":"req_2811","action_status":"started","timestamp":1770284229.0828123,"task_uuid":"310f2124-560e-49c7-8752-c435f3b9ae31","action_type":"api:create_order","task_level":[1]}
{"timestamp":1770284229.082854,"task_uuid":"310f2124-560e-49c7-8752-c435f3b9ae31","task_level":[],"request_id":"req_2811","order_items":2,"message_type":"loggerx:info","message":"Processing POST /api/orders request"}
{"request_id":"req_2811","action_status":"started","timestamp":1770284229.082876,"task_uuid":"310f2124-560e-49c7-8752-c435f3b9ae31","action_type":"auth:verify","task_level":[2,1]}
{"timestamp":1770284229.08289,"task_uuid":"310f2124-560e-49c7-8752-c435f3b9ae31","task_level":[2],"method":"POST","path":"/api/orders","ip":"192.168.1.255","message_type":"loggerx:info","message":"Authenticating request"}
{"timestamp":1770284229.1029701,"task_uuid":"310f2124-560e-49c7-8752-c435f3b9ae31","task_level":[2],"user_id":"456","message_type":"loggerx:success","message":"Authentication successful"}
{"action_status":"succeeded","timestamp":1770284229.102989,"task_uuid":"310f2124-560e-49c7-8752-c435f3b9ae31","action_type":"auth:verify","task_level":[2,2]}
{"user_id":"456","action_status":"started","timestamp":1770284229.103002,"task_uuid":"310f2124-560e-49c7-8752-c435f3b9ae31","action_type":"ratelimit:check","task_level":[3,1]}
{"timestamp":1770284229.1130745,"task_uuid":"310f2124-560e-49c7-8752-c435f3b9ae31","task_level":[3],"current_requests":16,"limit":100,"period":"1 hour","message_type":"loggerx:info","message":"Checking rate limit"}
{"timestamp":1770284229.113094,"task_uuid":"310f2124-560e-49c7-8752-c435f3b9ae31","task_level":[3],"remaining":84,"message_type":"loggerx:success","message":"Rate limit OK"}
{"action_status":"succeeded","timestamp":1770284229.113108,"task_uuid":"310f2124-560e-49c7-8752-c435f3b9ae31","action_type":"ratelimit:check","task_level":[3,2]}
{"action_status":"started","timestamp":1770284229.1131196,"task_uuid":"310f2124-560e-49c7-8752-c435f3b9ae31","action_type":"order:validate","task_level":[4,1]}
{"timestamp":1770284229.113138,"task_uuid":"310f2124-560e-49c7-8752-c435f3b9ae31","task_level":[4],"items_count":2,"total_amount":109.97,"message_type":"loggerx:info","message":"Order validated"}
{"action_status":"succeeded","timestamp":1770284229.1131527,"task_uuid":"310f2124-560e-49c7-8752-c435f3b9ae31","action_type":"order:validate","task_level":[4,2]}
{"amount":109.97,"action_status":"started","timestamp":1770284229.1131635,"task_uuid":"310f2124-560e-49c7-8752-c435f3b9ae31","action_type":"payment:process","task_level":[5,1]}
{"service":"payment_gateway","action_status":"started","timestamp":1770284229.1131756,"task_uuid":"310f2124-560e-49c7-8752-c435f3b9ae31","action_type":"external:api_call","task_level":[5,2,1]}
{"timestamp":1770284229.1131952,"task_uuid":"310f2124-560e-49c7-8752-c435f3b9ae31","task_level":[5,2],"service":"payment_gateway","endpoint":"/api/v1/charge","payload_size":37,"message_type":"loggerx:info","message":"Calling external service"}
{"timestamp":1770284229.2573104,"task_uuid":"310f2124-560e-49c7-8752-c435f3b9ae31","task_level":[5,2],"service":"payment_gateway","status_code":200,"response_time_ms":147,"message_type":"loggerx:success","message":"External service responded"}
{"action_status":"succeeded","timestamp":1770284229.257334,"task_uuid":"310f2124-560e-49c7-8752-c435f3b9ae31","action_type":"external:api_call","task_level":[5,2,2]}
{"timestamp":1770284229.2573483,"task_uuid":"310f2124-560e-49c7-8752-c435f3b9ae31","task_level":[5],"transaction_id":"response_from_payment_gateway","message_type":"loggerx:success","message":"Payment processed"}
{"action_status":"succeeded","timestamp":1770284229.257364,"task_uuid":"310f2124-560e-49c7-8752-c435f3b9ae31","action_type":"payment:process","task_level":[5,3]}
{"action_status":"started","timestamp":1770284229.2573757,"task_uuid":"310f2124-560e-49c7-8752-c435f3b9ae31","action_type":"inventory:reserve","task_level":[6,1]}
{"query_type":"UPDATE","action_status":"started","timestamp":1770284229.2573962,"task_uuid":"310f2124-560e-49c7-8752-c435f3b9ae31","action_type":"db:query","task_level":[6,2,1]}
{"timestamp":1770284229.2574172,"task_uuid":"310f2124-560e-49c7-8752-c435f3b9ae31","task_level":[6,2],"query":"UPDATE inventory SET quantity = quantity - ? WHERE...","params":{"quantity":2,"product_id":"PROD-001"},"message_type":"loggerx:info","message":"Executing database query"}
{"timestamp":1770284229.3765178,"task_uuid":"310f2124-560e-49c7-8752-c435f3b9ae31","task_level":[6,2],"rows_affected":76,"execution_time_ms":109,"message_type":"loggerx:success","message":"Query executed"}
{"action_status":"succeeded","timestamp":1770284229.3765545,"task_uuid":"310f2124-560e-49c7-8752-c435f3b9ae31","action_type":"db:query","task_level":[6,2,2]}
{"query_type":"UPDATE","action_status":"started","timestamp":1770284229.3765705,"task_uuid":"310f2124-560e-49c7-8752-c435f3b9ae31","action_type":"db:query","task_level":[6,3,1]}
{"timestamp":1770284229.3766005,"task_uuid":"310f2124-560e-49c7-8752-c435f3b9ae31","task_level":[6,3],"query":"UPDATE inventory SET quantity = quantity - ? WHERE...","params":{"quantity":1,"product_id":"PROD-002"},"message_type":"loggerx:info","message":"Executing database query"}
{"timestamp":1770284229.5027864,"task_uuid":"310f2124-560e-49c7-8752-c435f3b9ae31","task_level":[6,3],"rows_affected":72,"execution_time_ms":100,"message_type":"loggerx:success","message":"Query executed"}
{"action_status":"succeeded","timestamp":1770284229.5028245,"task_uuid":"310f2124-560e-49c7-8752-c435f3b9ae31","action_type":"db:query","task_level":[6,3,2]}
{"timestamp":1770284229.5028431,"task_uuid":"310f2124-560e-49c7-8752-c435f3b9ae31","task_level":[6],"items":2,"message_type":"loggerx:success","message":"Inventory reserved"}
{"action_status":"succeeded","timestamp":1770284229.5028603,"task_uuid":"310f2124-560e-49c7-8752-c435f3b9ae31","action_type":"inventory:reserve","task_level":[6,4]}
{"query_type":"UPDATE","action_status":"started","timestamp":1770284229.5028756,"task_uuid":"310f2124-560e-49c7-8752-c435f3b9ae31","action_type":"db:query","task_level":[7,1]}
{"timestamp":1770284229.5028896,"task_uuid":"310f2124-560e-49c7-8752-c435f3b9ae31","task_level":[7],"query":"INSERT INTO orders (id, user_id, total, status) VA...","params":{"id":"ORD-88388","user_id":"456","total":109.97,"status":"pending"},"message_type":"loggerx:info","message":"Executing database query"}
{"timestamp":1770284229.6109602,"task_uuid":"310f2124-560e-49c7-8752-c435f3b9ae31","task_level":[7],"rows_affected":19,"execution_time_ms":51,"message_type":"loggerx:success","message":"Query executed"}
{"action_status":"succeeded","timestamp":1770284229.6109974,"task_uuid":"310f2124-560e-49c7-8752-c435f3b9ae31","action_type":"db:query","task_level":[7,2]}
{"action_status":"started","timestamp":1770284229.611015,"task_uuid":"310f2124-560e-49c7-8752-c435f3b9ae31","action_type":"notification:send","task_level":[8,1]}
{"service":"notification_service","action_status":"started","timestamp":1770284229.6110282,"task_uuid":"310f2124-560e-49c7-8752-c435f3b9ae31","action_type":"external:api_call","task_level":[8,2,1]}
{"timestamp":1770284229.6110442,"task_uuid":"310f2124-560e-49c7-8752-c435f3b9ae31","task_level":[8,2],"service":"notification_service","endpoint":"/api/v1/send","payload_size":77,"message_type":"loggerx:info","message":"Calling external service"}
{"timestamp":1770284229.7257104,"task_uuid":"310f2124-560e-49c7-8752-c435f3b9ae31","task_level":[8,2],"service":"notification_service","status_code":200,"response_time_ms":106,"message_type":"loggerx:success","message":"External service responded"}
{"action_status":"succeeded","timestamp":1770284229.7257457,"task_uuid":"310f2124-560e-49c7-8752-c435f3b9ae31","action_type":"external:api_call","task_level":[8,2,2]}
{"timestamp":1770284229.7257626,"task_uuid":"310f2124-560e-49c7-8752-c435f3b9ae31","task_level":[8],"channel":"email","message_type":"loggerx:success","message":"Notification sent"}
{"action_status":"succeeded","timestamp":1770284229.7257798,"task_uuid":"310f2124-560e-49c7-8752-c435f3b9ae31","action_type":"notification:send","task_level":[8,3]}
{"timestamp":1770284229.725799,"task_uuid":"310f2124-560e-49c7-8752-c435f3b9ae31","task_level":[],"order_id":"ORD-88388","total_amount":109.97,"status_code":201,"message_type":"loggerx:success","message":"Order created successfully"}
{"action_status":"succeeded","timestamp":1770284229.7258222,"task_uuid":"310f2124-560e-49c7-8752-c435f3b9ae31","action_type":"api:create_order","task_level":[9]}
{"timestamp":1770284229.7258427,"task_uuid":"e1aa1479-74ef-4cc3-bc83-43728dd5e1eb","task_level":[1],"status":201,"message_type":"loggerx:success","message":"Request #2 completed"}
{"timestamp":1770284229.8259277,"task_uuid":"8c2665df-0f05-4c2d-89fc-eac4acb3e3c8","task_level":[1],"message_type":"loggerx:info","message":"=== Incoming Request #3 ==="}
{"request_id":"req_6695","action_status":"started","timestamp":1770284229.8259723,"task_uuid":"a6d5cb18-408b-4975-b5f8-517c8c46b916","action_type":"api:get_users","task_level":[1]}
{"timestamp":1770284229.8259914,"task_uuid":"a6d5cb18-408b-4975-b5f8-517c8c46b916","task_level":[],"request_id":"req_6695","method":"GET","path":"/api/users","message_type":"loggerx:info","message":"Processing GET /api/users request"}
{"request_id":"req_6695","action_status":"started","timestamp":1770284229.8260114,"task_uuid":"a6d5cb18-408b-4975-b5f8-517c8c46b916","action_type":"auth:verify","task_level":[2,1]}
{"timestamp":1770284229.826025,"task_uuid":"a6d5cb18-408b-4975-b5f8-517c8c46b916","task_level":[2],"method":"GET","path":"/api/users","ip":"192.168.1.18","message_type":"loggerx:info","message":"Authenticating request"}
{"timestamp":1770284229.8461187,"task_uuid":"a6d5cb18-408b-4975-b5f8-517c8c46b916","task_level":[2],"token_prefix":"Bearer invalid_token","message_type":"loggerx:error","message":"Invalid token"}
{"exception":"builtins.ValueError","reason":"Unauthorized: Invalid token","action_status":"failed","timestamp":1770284229.8461645,"task_uuid":"a6d5cb18-408b-4975-b5f8-517c8c46b916","action_type":"auth:verify","task_level":[2,2]}
{"exception":"builtins.ValueError","reason":"Unauthorized: Invalid token","action_status":"failed","timestamp":1770284229.8461835,"task_uuid":"a6d5cb18-408b-4975-b5f8-517c8c46b916","action_type":"api:get_users","task_level":[3]}
{"timestamp":1770284229.846205,"task_uuid":"0ef7b7ad-32e5-400f-a809-3ef14a3e10ae","task_level":[1],"error":"Unauthorized: Invalid token","message_type":"loggerx:error","message":"Request #3 authentication failed"}
{"timestamp":1770284229.9462926,"task_uuid":"ced8d4fc-48ef-4780-b5d0-5e9251858aa1","task_level":[1],"message_type":"loggerx:info","message":"=== Incoming Request #4 ==="}
{"request_id":"req_1650","action_status":"started","timestamp":1770284229.9463396,"task_uuid":"84267f68-0374-417c-ae42-5d920f4f3358","action_type":"api:analytics_report","task_level":[1]}
{"timestamp":1770284229.9463584,"task_uuid":"84267f68-0374-417c-ae42-5d920f4f3358","task_level":[],"request_id":"req_1650","report_type":"daily","message_type":"loggerx:info","message":"Processing analytics report request"}
{"request_id":"req_1650","action_status":"started","timestamp":1770284229.9463787,"task_uuid":"84267f68-0374-417c-ae42-5d920f4f3358","action_type":"auth:verify","task_level":[2,1]}
{"timestamp":1770284229.9463923,"task_uuid":"84267f68-0374-417c-ae42-5d920f4f3358","task_level":[2],"method":"GET","path":"/api/analytics/report","ip":"192.168.1.220","message_type":"loggerx:info","message":"Authenticating request"}
{"timestamp":1770284229.9664862,"task_uuid":"84267f68-0374-417c-ae42-5d920f4f3358","task_level":[2],"user_id":"789","message_type":"loggerx:success","message":"Authentication successful"}
{"action_status":"succeeded","timestamp":1770284229.9665196,"task_uuid":"84267f68-0374-417c-ae42-5d920f4f3358","action_type":"auth:verify","task_level":[2,2]}
{"timestamp":1770284229.9665387,"task_uuid":"84267f68-0374-417c-ae42-5d920f4f3358","task_level":[],"user_id":"789","required_role":"admin","message_type":"loggerx:warning","message":"Insufficient permissions"}
{"action_status":"succeeded","timestamp":1770284229.966563,"task_uuid":"84267f68-0374-417c-ae42-5d920f4f3358","action_type":"api:analytics_report","task_level":[3]}
{"timestamp":1770284229.966604,"task_uuid":"3bdf0d01-5cea-41b8-853d-51665c34d252","task_level":[1],"status":403,"message_type":"loggerx:success","message":"Request #4 completed"}
{"timestamp":1770284230.066703,"task_uuid":"5e3a0c94-f179-4670-9f1c-7476a92dd762","task_level":[1],"message_type":"loggerx:info","message":"=== Incoming Request #5 ==="}
{"request_id":"req_1905","action_status":"started","timestamp":1770284230.0667465,"task_uuid":"efa9d8be-c0c6-4219-a692-919f72bed41b","action_type":"api:create_order","task_level":[1]}
{"timestamp":1770284230.0667655,"task_uuid":"efa9d8be-c0c6-4219-a692-919f72bed41b","task_level":[],"request_id":"req_1905","order_items":0,"message_type":"loggerx:info","message":"Processing POST /api/orders request"}
{"request_id":"req_1905","action_status":"started","timestamp":1770284230.0667858,"task_uuid":"efa9d8be-c0c6-4219-a692-919f72bed41b","action_type":"auth:verify","task_level":[2,1]}
{"timestamp":1770284230.0667999,"task_uuid":"efa9d8be-c0c6-4219-a692-919f72bed41b","task_level":[2],"method":"POST","path":"/api/orders","ip":"192.168.1.82","message_type":"loggerx:info","message":"Authenticating request"}
{"timestamp":1770284230.0868926,"task_uuid":"efa9d8be-c0c6-4219-a692-919f72bed41b","task_level":[2],"user_id":"999","message_type":"loggerx:success","message":"Authentication successful"}
{"action_status":"succeeded","timestamp":1770284230.0869257,"task_uuid":"efa9d8be-c0c6-4219-a692-919f72bed41b","action_type":"auth:verify","task_level":[2,2]}
{"user_id":"999","action_status":"started","timestamp":1770284230.0869427,"task_uuid":"efa9d8be-c0c6-4219-a692-919f72bed41b","action_type":"ratelimit:check","task_level":[3,1]}
{"timestamp":1770284230.0970337,"task_uuid":"efa9d8be-c0c6-4219-a692-919f72bed41b","task_level":[3],"current_requests":96,"limit":100,"period":"1 hour","message_type":"loggerx:info","message":"Checking rate limit"}
{"timestamp":1770284230.0970688,"task_uuid":"efa9d8be-c0c6-4219-a692-919f72bed41b","task_level":[3],"remaining":4,"message_type":"loggerx:success","message":"Rate limit OK"}
{"action_status":"succeeded","timestamp":1770284230.0970867,"task_uuid":"efa9d8be-c0c6-4219-a692-919f72bed41b","action_type":"ratelimit:check","task_level":[3,2]}
{"action_status":"started","timestamp":1770284230.0971012,"task_uuid":"efa9d8be-c0c6-4219-a692-919f72bed41b","action_type":"order:validate","task_level":[4,1]}
{"timestamp":1770284230.0971148,"task_uuid":"efa9d8be-c0c6-4219-a692-919f72bed41b","task_level":[4],"reason":"No items in order","message_type":"loggerx:error","message":"Order validation failed"}
{"exception":"builtins.ValueError","reason":"Order must contain items","action_status":"failed","timestamp":1770284230.0971339,"task_uuid":"efa9d8be-c0c6-4219-a692-919f72bed41b","action_type":"order:validate","task_level":[4,2]}
{"exception":"builtins.ValueError","reason":"Order must contain items","action_status":"failed","timestamp":1770284230.0971463,"task_uuid":"efa9d8be-c0c6-4219-a692-919f72bed41b","action_type":"api:create_order","task_level":[5]}
{"timestamp":1770284230.0971649,"task_uuid":"c3dfdeb5-5a60-4652-ba45-521e9170d9c7","task_level":[1],"error":"Order must contain items","message_type":"loggerx:error","message":"Request #5 failed validation"}
{"action_status":"started","timestamp":1770284230.0971901,"task_uuid":"b1045ffb-4e7f-41e5-9233-1918401cf068","action_type":"server:shutdown","task_level":[1]}
{"timestamp":1770284230.0972037,"task_uuid":"b1045ffb-4e7f-41e5-9233-1918401cf068","task_level":[],"message_type":"loggerx:info","message":"Shutting down server"}
{"timestamp":1770284230.1472902,"task_uuid":"b1045ffb-4e7f-41e5-9233-1918401cf068","task_level":[],"message_type":"loggerx:success","message":"Server stopped gracefully"}
{"action_status":"succeeded","timestamp":1770284230.1473224,"task_uuid":"b1045ffb-4e7f-41e5-9233-1918401cf068","action_type":"server:shutdown","task_level":[2]}
{"timestamp":1770284230.1473453,"task_uuid":"92faf7b5-12de-4238-a3dc-494c4adeafa0","task_level":[1],"tutorial":"05_real_world_api","message_type":"loggerx:success","message":"Tutorial completed!"}
