{"task_uuid": "async-main-001", "action_type": "async_web_request", "action_status": "started", "timestamp": 1705312200.0, "task_level": [1], "request_id": "req-abc-123", "endpoint": "/api/batch-process"}
{"task_uuid": "async-main-001", "action_type": "auth_verify", "action_status": "started", "timestamp": 1705312200.01, "task_level": [1, 1], "token": "jwt-token-xyz"}
{"task_uuid": "async-main-001", "action_type": "auth_verify", "action_status": "succeeded", "timestamp": 1705312200.05, "task_level": [1, 2], "user_id": "user-789"}
{"task_uuid": "async-main-001", "action_type": "batch_processor", "action_status": "started", "timestamp": 1705312200.06, "task_level": [1, 2], "batch_size": 5}
{"task_uuid": "async-main-001", "action_type": "async_task_group", "action_status": "started", "timestamp": 1705312200.07, "task_level": [1, 2, 1], "concurrency": 3}
{"task_uuid": "async-main-001", "action_type": "fetch_user_data", "action_status": "started", "timestamp": 1705312200.08, "task_level": [1, 2, 1, 1], "user_id": "user-001"}
{"task_uuid": "async-main-001", "action_type": "fetch_user_data", "action_status": "succeeded", "timestamp": 1705312200.12, "task_level": [1, 2, 1, 2], "data_size": 1024}
{"task_uuid": "async-main-001", "action_type": "fetch_orders", "action_status": "started", "timestamp": 1705312200.08, "task_level": [1, 2, 1, 2], "user_id": "user-001"}
{"task_uuid": "async-main-001", "action_type": "database_query", "action_status": "started", "timestamp": 1705312200.09, "task_level": [1, 2, 1, 2, 1], "sql": "SELECT * FROM orders WHERE user_id = ?"}
{"task_uuid": "async-main-001", "action_type": "database_query", "action_status": "succeeded", "timestamp": 1705312200.11, "task_level": [1, 2, 1, 2, 2], "rows": 15}
{"task_uuid": "async-main-001", "action_type": "fetch_orders", "action_status": "succeeded", "timestamp": 1705312200.13, "task_level": [1, 2, 1, 3], "order_count": 15}
{"task_uuid": "async-main-001", "action_type": "fetch_preferences", "action_status": "started", "timestamp": 1705312200.08, "task_level": [1, 2, 1, 3], "user_id": "user-001"}
{"task_uuid": "async-main-001", "action_type": "redis_get", "action_status": "started", "timestamp": 1705312200.09, "task_level": [1, 2, 1, 3, 1], "key": "prefs:user-001"}
{"task_uuid": "async-main-001", "action_type": "redis_get", "action_status": "succeeded", "timestamp": 1705312200.095, "task_level": [1, 2, 1, 3, 2], "cache_hit": true}
{"task_uuid": "async-main-001", "action_type": "fetch_preferences", "action_status": "succeeded", "timestamp": 1705312200.10, "task_level": [1, 2, 1, 4], "prefs_loaded": true}
{"task_uuid": "async-main-001", "action_type": "async_task_group", "action_status": "succeeded", "timestamp": 1705312200.14, "task_level": [1, 2, 2], "tasks_completed": 3}
{"task_uuid": "async-main-001", "action_type": "process_data", "action_status": "started", "timestamp": 1705312200.15, "task_level": [1, 2, 2], "records": 15}
{"task_uuid": "async-main-001", "action_type": "validate_records", "action_status": "started", "timestamp": 1705312200.16, "task_level": [1, 2, 2, 1]}
{"task_uuid": "async-main-001", "action_type": "validate_records", "action_status": "succeeded", "timestamp": 1705312200.18, "task_level": [1, 2, 2, 2], "valid": 14, "invalid": 1}
{"task_uuid": "async-main-001", "action_type": "transform_records", "action_status": "started", "timestamp": 1705312200.19, "task_level": [1, 2, 2, 2]}
{"task_uuid": "async-main-001", "action_type": "transform_records", "action_status": "succeeded", "timestamp": 1705312200.22, "task_level": [1, 2, 2, 3], "transformed": 14}
{"task_uuid": "async-main-001", "action_type": "process_data", "action_status": "succeeded", "timestamp": 1705312200.23, "task_level": [1, 2, 3], "processed": 14}
{"task_uuid": "async-main-001", "action_type": "batch_processor", "action_status": "succeeded", "timestamp": 1705312200.24, "task_level": [1, 3], "total_processed": 14}
{"task_uuid": "async-main-001", "action_type": "async_web_request", "action_status": "succeeded", "timestamp": 1705312200.25, "task_level": [2], "response_time_ms": 250}
