{"timestamp":1770559017.6613379,"task_uuid":"6e9bf4c5-6c4d-43c3-96fb-59667bb53fcf","task_level":[1],"message_type":"loggerx:info","message":"Starting comprehensive logxpy demonstration"}
{"timestamp":1770559017.6613984,"task_uuid":"30878c80-cdf0-4ed1-97cd-50a7b838e450","task_level":[1],"message_type":"loggerx:info","message":"============================================================"}
{"timestamp":1770559017.6614277,"task_uuid":"73e4210b-17be-4980-aebc-23c1b2c31710","task_level":[1],"source":"basic_messages","message_type":"loggerx:info","message":"Hello World"}
{"timestamp":1770559017.6614482,"task_uuid":"a0fc58c5-089a-44e2-9821-ce1f6c232ea3","task_level":[1],"detail":"verbose output","message_type":"loggerx:debug","message":"Debug information"}
{"timestamp":1770559017.6614795,"task_uuid":"55fd1982-89b7-4d8e-81a5-cb58b6369172","task_level":[1],"data":{"name":"John","id":12345},"message_type":"loggerx:info","message":"User"}
{"timestamp":1770559017.6614985,"task_uuid":"2283dc29-3312-4153-9349-f6a455efefbc","task_level":[1],"message_type":"loggerx:note","message":"This is a note message"}
{"timestamp":1770559017.6615183,"task_uuid":"28636c69-1181-4d12-ac5b-ff64cf783d6b","task_level":[1],"event_data":"sample","category":"basic","message_type":"loggerx:info","message":"custom_event"}
{"table":"users","action_status":"started","timestamp":1770559017.661547,"task_uuid":"fcba74c3-94d2-4882-ac96-6a2bcd0f62c3","action_type":"database:query","task_level":[1]}
{"timestamp":1770559017.6615689,"task_uuid":"fcba74c3-94d2-4882-ac96-6a2bcd0f62c3","task_level":[],"sql":"SELECT * FROM users","message_type":"loggerx:info","message":"Executing query"}
{"rows_found":42,"duration_ms":15,"action_status":"succeeded","timestamp":1770559017.6615868,"task_uuid":"fcba74c3-94d2-4882-ac96-6a2bcd0f62c3","action_type":"database:query","task_level":[2]}
{"timestamp":1770559017.6616857,"task_uuid":"a9133c4d-5edb-4ed8-8db8-1fceb5821e1a","task_level":[1],"x":10,"y":20,"action_type":"__main__.demo_method_tracing.<locals>.process_data","action_status":"started"}
{"timestamp":1770559017.6617177,"task_uuid":"a9133c4d-5edb-4ed8-8db8-1fceb5821e1a","task_level":[1,1],"x":10,"y":20,"result":30,"logxpy:duration":0.000026,"action_type":"__main__.demo_method_tracing.<locals>.process_data","action_status":"succeeded"}
{"timestamp":1770559017.6617782,"task_uuid":"d66d0108-65a9-4fb8-a51a-911ef241f1d7","task_level":[1],"name":"World","action_type":"__main__.demo_method_tracing.<locals>.helper","action_status":"started"}
{"timestamp":1770559017.6617994,"task_uuid":"d66d0108-65a9-4fb8-a51a-911ef241f1d7","task_level":[1,1],"name":"World","result":"Hello, World","logxpy:duration":0.00002,"action_type":"__main__.demo_method_tracing.<locals>.helper","action_status":"succeeded"}
{"timestamp":1770559017.6618254,"task_uuid":"8b9228d1-f148-4e9c-89cc-35f80c29405c","task_level":[1],"code":500,"retry_count":3,"message_type":"loggerx:error","message":"Connection failed"}
{"timestamp":1770559017.6618447,"task_uuid":"9d7faa58-29e0-4407-a2d2-a3bb6ab9f903","task_level":[1],"sql":"SELECT * FROM missing_table","error_code":"42P01","message_type":"loggerx:error","message":"Database error"}
{"timestamp":1770559017.661864,"task_uuid":"5e210048-3078-4dcd-b6d4-272479aebb48","task_level":[1],"memory_usage":"98%","pid":1234,"message_type":"loggerx:critical","message":"System crash imminent"}
{"timestamp":1770559017.6618807,"task_uuid":"feee72db-9f5b-41c7-9bbd-e3af39fb9dce","task_level":[1],"available_mb":512,"threshold_mb":1024,"message_type":"loggerx:warning","message":"Low memory warning"}
{"reason":"division by zero","traceback":"Traceback (most recent call last):\n  File \"/mnt/N1/MZ/AMZ/Projects/Prog/a_cross/log-x-py/examples-log-view/complete-example-01/example_09_comprehensive.py\", line 91, in demo_errors_warnings\nZeroDivisionError: division by zero\n","exception":"builtins.ZeroDivisionError","timestamp":1770559017.662083,"task_uuid":"b5ddaac8-a1bd-4ce8-bc20-cc37a6be785f","task_level":[1],"message_type":"eliot:traceback"}
{"timestamp":1770559017.6623335,"task_uuid":"22ce31ed-c7b9-42d0-8383-3497cc0b934d","task_level":[1],"context":"demo_errors_warnings","logxpy:traceback":"Traceback (most recent call last):\n  File \"/mnt/N1/MZ/AMZ/Projects/Prog/a_cross/log-x-py/examples-log-view/complete-example-01/example_09_comprehensive.py\", line 96, in demo_errors_warnings\n    raise ValueError(\"Invalid input\")\nValueError: Invalid input\n","message_type":"loggerx:error","message":"Caught ValueError"}
{"timestamp":1770559017.6635108,"task_uuid":"4da81a39-1c19-4e99-8d69-81b852682aa3","task_level":[1],"data":{"system":"Linux","release":"6.18.7-arch1-1","version":"#1 SMP PREEMPT_DYNAMIC Sat, 24 Jan 2026 00:47:39 +0000","machine":"x86_64","processor":"","python_version":"3.13.11","platform":"Linux-6.18.7-arch1-1-x86_64-with-glibc2.42","node":"tr4b"},"message_type":"loggerx:info","message":"System Info"}
{"timestamp":1770559017.663885,"task_uuid":"493fb1d3-241b-44b0-9b9a-61b9344205f5","task_level":[1],"data":{"_warning":"psutil not installed","_fallback":"sys info only","max_rss":29196},"message_type":"loggerx:info","message":"Memory Status"}
{"timestamp":1770559017.6639552,"task_uuid":"692572f2-de57-4fc5-9b1a-621f447c5612","task_level":[1],"data":{"total_size":34,"dumped_size":34,"truncated":false,"hex_dump":"0000: 48 65 6c 6c 6f 2c 20 57 6f 72 6c 64 21 20 54 68  Hello, World! Th\n0010: 69 73 20 69 73 20 62 69 6e 61 72 79 20 64 61 74  is is binary dat\n0020: 61 2e                                            a.","hex_string":"48656c6c6f2c20576f726c642120546869732069732062696e61727920646174612e"},"message_type":"loggerx:info","message":"Memory Buffer"}
{"timestamp":1770559017.6641538,"task_uuid":"e262e5aa-b2c1-433e-b5e8-992a075dea35","task_level":[1],"data":{"stack_frames":4,"trace":"  File \"/mnt/N1/MZ/AMZ/Projects/Prog/a_cross/log-x-py/examples-log-view/complete-example-01/example_09_comprehensive.py\", line 472, in <module>\n    main()\n  File \"/mnt/N1/MZ/AMZ/Projects/Prog/a_cross/log-x-py/examples-log-view/complete-example-01/example_09_comprehensive.py\", line 451, in main\n    demo_system_memory()\n  File \"/mnt/N1/MZ/AMZ/Projects/Prog/a_cross/log-x-py/examples-log-view/complete-example-01/example_09_comprehensive.py\", line 106, in demo_system_memory\n    log.stack_trace(\"Call ...","trace_list":["File \"/mnt/N1/MZ/AMZ/Projects/Prog/a_cross/log-x-py/examples-log-view/complete-example-01/example_09_comprehensive.py\", line 472, in <module>\n    main()","File \"/mnt/N1/MZ/AMZ/Projects/Prog/a_cross/log-x-py/examples-log-view/complete-example-01/example_09_comprehensive.py\", line 451, in main\n    demo_system_memory()","File \"/mnt/N1/MZ/AMZ/Projects/Prog/a_cross/log-x-py/examples-log-view/complete-example-01/example_09_comprehensive.py\", line 106, in demo_system_memory\n    log.stack_trace(\"Call Stack\", limit=5)","File \"/mnt/N1/MZ/AMZ/Projects/Prog/a_cross/log-x-py/logxpy/logxpy/loggerx.py\", line 301, in stack_trace\n    stack = traceback.format_stack(limit=limit)"]},"message_type":"loggerx:info","message":"Call Stack"}
{"timestamp":1770559017.6645606,"task_uuid":"93eeac2d-34c0-4238-a4f5-da7921377d48","task_level":[1],"data":{"filename":"/tmp/tmp30v7ebu4.bin","total_size":16,"dumped_size":16,"truncated":false,"hex_dump":"00000000: 00 01 02 03 04 05 06 07 08 09 0a 0b 0c 0d 0e 0f  ................","hex_string":"000102030405060708090a0b0c0d0e0f"},"message_type":"loggerx:info","message":"Binary File"}
{"timestamp":1770559017.6646612,"task_uuid":"ef638235-234e-4810-a4ab-b2e9205f5fd5","task_level":[1],"data":{"filename":"/tmp/tmp_8r4jbta.txt","total_lines":3,"lines_shown":3,"truncated":false,"encoding":"utf-8","content":["Line 1: Hello","Line 2: World","Line 3: Test"],"text_preview":"Line 1: Hello\nLine 2: World\nLine 3: Test"},"message_type":"loggerx:info","message":"Text File"}
{"timestamp":1770559017.6647065,"task_uuid":"d36bbee0-275a-40f5-b2fd-7e18863ad8ac","task_level":[1],"data":{"stream_type":"BytesIO","dumped_size":23,"hex_dump":"00000000: 53 74 72 65 61 6d 20 62 69 6e 61 72 79 20 64 61  Stream binary da\n00000010: 74 61 20 de ad be ef                             ta ....","hex_string":"53747265616d2062696e617279206461746120deadbeef"},"message_type":"loggerx:info","message":"Binary Stream"}
{"timestamp":1770559017.664749,"task_uuid":"a2b69df7-824a-4bc7-8d5f-3063e0959738","task_level":[1],"data":{"stream_type":"StringIO","lines":3,"truncated":true,"content":["Line A","Line B","Line C"],"text_preview":"Line A\nLine B\nLine C"},"message_type":"loggerx:info","message":"Text Stream"}
{"timestamp":1770559017.6648188,"task_uuid":"8c31b40c-dd53-4a46-8796-b997fb9ea941","task_level":[1],"data":{"original_type":"tuple","rgb":{"r":0,"g":128,"b":255},"hex":"#0080ff"},"message_type":"loggerx:info","message":"Theme"}
{"timestamp":1770559017.6648486,"task_uuid":"33c79432-81d7-47f5-a290-a906719f0894","task_level":[1],"data":{"original_type":"str","hex":"#ff5733","rgb":{"r":255,"g":87,"b":51}},"message_type":"loggerx:info","message":"Background"}
{"timestamp":1770559017.6648822,"task_uuid":"653e1db6-a805-42f4-8dca-e17837206758","task_level":[1],"data":{"amount":"19.99","amount_float":19.99,"currency":"USD","formatted":"USD 19.99"},"message_type":"loggerx:info","message":"Price"}
{"timestamp":1770559017.6649072,"task_uuid":"78bdc407-9e57-4419-ae42-f5744872fa13","task_level":[1],"data":{"amount":"100.00","amount_float":100.0,"currency":"USD","formatted":"USD 100.00"},"message_type":"loggerx:info","message":"Total"}
{"timestamp":1770559017.6649637,"task_uuid":"874b7d06-b675-463d-ae33-c45be7274a9a","task_level":[1],"data":{"iso":"2026-02-08T16:56:57.652058","timestamp":1770559017.652058,"year":2026,"month":2,"day":8,"hour":16,"minute":56,"second":57,"microsecond":652058,"timezone":null,"formatted":"2026-02-08 16:56:57","date":"2026-02-08","time":"16:56:57"},"message_type":"loggerx:info","message":"StartTime"}
{"timestamp":1770559017.6650019,"task_uuid":"b02a0563-2648-451f-8034-3842dcddfae0","task_level":[1],"data":{"iso":"2026-02-08T16:56:57.664978","timestamp":1770559017.664978,"year":2026,"month":2,"day":8,"hour":16,"minute":56,"second":57,"microsecond":664978,"timezone":null,"formatted":"2026-02-08 16:56:57","date":"2026-02-08","time":"16:56:57"},"message_type":"loggerx:info","message":"Current"}
{"timestamp":1770559017.665037,"task_uuid":"970a347b-a6a6-4483-b5d6-2dca6adb5220","task_level":[1],"data":{"iso":"2026-02-08T16:56:57.652058","timestamp":1770559017.652058,"year":2026,"month":2,"day":8,"hour":16,"minute":56,"second":57,"microsecond":652058,"timezone":null,"formatted":"2026-02-08 16:56:57","date":"2026-02-08","time":"16:56:57"},"message_type":"loggerx:info","message":"DebugTime"}
{"timestamp":1770559017.6650653,"task_uuid":"8772e04c-fabb-4bda-b94a-d2ac4ced29bc","task_level":[1],"data":{"name":"GREEN","value":2,"class":"Color","module":"demo_data_01"},"message_type":"loggerx:info","message":"Color"}
{"timestamp":1770559017.6650891,"task_uuid":"9e420221-b3a5-4479-9cb6-1c2580fa9b32","task_level":[1],"data":{"name":"ACTIVE","value":"active","class":"Status","module":"demo_data_01"},"message_type":"loggerx:info","message":"Status"}
{"timestamp":1770559017.665113,"task_uuid":"9bdabe2d-7811-477a-9362-dbe07fe44b78","task_level":[1],"data":{"type":"set","total_items":3,"items_shown":3,"truncated":false,"items":["python","structured","logging"]},"message_type":"loggerx:info","message":"Tags"}
{"timestamp":1770559017.6651363,"task_uuid":"99ee519c-2791-4a46-81ca-fefd02dbe9df","task_level":[1],"data":{"type":"frozenset","total_items":5,"items_shown":5,"truncated":false,"items":[1,2,3,4,5]},"message_type":"loggerx:info","message":"Ids"}
{"timestamp":1770559017.6651611,"task_uuid":"a3aab27e-5db4-439b-bdd1-b23d1dadc214","task_level":[1],"data":{"id":139886655402688,"hex_id":"0x7f39e66772c0","type":"dict","module":"builtins","repr":"{'key': 'value', 'nested': {'data': 123}}"},"message_type":"loggerx:info","message":"SampleObject"}
{"timestamp":1770559017.6651928,"task_uuid":"1455b32a-244b-429f-9738-f871c313a88d","task_level":[1],"data":{"value":[1,2,3,"mixed",true],"type":"list","module":"builtins","is_none":false,"is_callable":false,"length":5,"item_types":["str","int","bool"]},"message_type":"loggerx:info","message":"Variant1"}
{"timestamp":1770559017.665227,"task_uuid":"4f3085d1-a11e-446e-b55a-211883c1de50","task_level":[1],"data":{"value":{"nested":"dict","count":42},"type":"dict","module":"builtins","is_none":false,"is_callable":false,"keys":["nested","count"],"length":2},"message_type":"loggerx:info","message":"Variant2"}
{"timestamp":1770559017.6652563,"task_uuid":"b3dba984-c5ce-41b7-bca4-d7be1118d5c6","task_level":[1],"data":{"name":"test_object","value":42,"_private":"hidden"},"message_type":"loggerx:info","message":"ObjectProperties"}
{"timestamp":1770559017.665293,"task_uuid":"5ba4b29d-f348-409f-aee1-18f7b5a9ea4b","task_level":[1],"data":["name","value"],"message_type":"loggerx:info","message":"PublicAttributes"}
{"timestamp":1770559017.6653123,"task_uuid":"3cdf857f-bc71-431b-a90f-f1f4e1536ae2","task_level":[1],"data":"DemoObject(name='test_object', value=42)","message_type":"loggerx:info","message":"ObjectRepr"}
{"timestamp":1770559017.6653302,"task_uuid":"f6335a53-c74a-4d99-8762-c243635bf4ca","task_level":[1],"data":{"name":"test_object"},"message_type":"loggerx:info","message":"DynamicProperty"}
{"timestamp":1770559017.665352,"task_uuid":"cb169ba4-8ba8-4a41-8a0d-14665e57a3d0","task_level":[1],"data":[["a",1],["b",2],["c",3]],"message_type":"loggerx:info","message":"CollectionItems"}
{"timestamp":1770559017.665373,"task_uuid":"1cde5720-a591-4214-ab01-c85a0c8c71d8","task_level":[1],"data":{"value":42,"threshold":100},"message_type":"loggerx:info","message":"DebugInfo"}
{"timestamp":1770559017.6653917,"task_uuid":"280b3a9b-af17-401b-bfc1-b11c81ba7948","task_level":[1],"data":{"count":42},"message_type":"loggerx:info","message":"PositiveCount"}
{"timestamp":1770559017.6654098,"task_uuid":"db25b570-6d94-49f5-9f1f-d491d02ec136","task_level":[1],"data":{"value":"I exist","type":"string"},"message_type":"loggerx:info","message":"AssignedValue"}
{"timestamp":1770559017.6654282,"task_uuid":"e81feae7-f5f5-4ffa-bcc3-bee7e4e90008","task_level":[1],"data":{"message":"User: Alice, ID: 12345","template":"User: {}, ID: {}"},"message_type":"loggerx:info","message":"Formatted"}
{"timestamp":1770559017.6654491,"task_uuid":"ac060018-c36a-4ea9-88c7-783cfb2f3204","task_level":[1],"data":{"message":"Value: 3.14","template":"Value: {:.2f}"},"message_type":"loggerx:info","message":"Formatted"}
{"timestamp":1770559017.665466,"task_uuid":"9a86bbfa-1147-49c5-8887-03938ca5d9fc","task_level":[1],"message_type":"loggerx:info","message":"User Bob scored 95.5%"}
{"timestamp":1770559017.665482,"task_uuid":"dae7db2f-9014-44b4-a108-22de5e24c97c","task_level":[1],"message_type":"loggerx:info","message":"📍 Initialization complete"}
{"timestamp":1770559017.6655037,"task_uuid":"2c3e1cb7-fa60-469b-af8e-f5490ac99384","task_level":[1],"message_type":"loggerx:info","message":"📍 Data loaded"}
{"timestamp":1770559017.6655204,"task_uuid":"bf1b0604-1cde-49aa-a1e2-7782990012ab","task_level":[1],"message_type":"loggerx:info","message":"📍 Processing started"}
{"timestamp":1770559017.665536,"task_uuid":"d8dc2f5c-0e2a-490b-ab09-dfdc98bdc32c","task_level":[1],"message_type":"loggerx:info","message":"=================================================="}
{"timestamp":1770559017.6655512,"task_uuid":"c6b6209e-e2a6-4666-bcac-c4a25e2bfa66","task_level":[1],"message_type":"loggerx:info","message":"--- SECTION BREAK ---"}
{"timestamp":1770559017.665567,"task_uuid":"0b6c48f6-6d73-40df-9771-2aa803ff749a","task_level":[1],"message_type":"loggerx:info","message":"=================================================="}
{"timestamp":1770559017.6655834,"task_uuid":"65049f92-69e5-40eb-8aa6-6b87c57079c3","task_level":[1],"message_type":"loggerx:info","message":"📍 Processing complete"}
{"timestamp":1770559017.6656115,"task_uuid":"01cefcc9-0f0d-441a-830e-bf05c1e0b5a9","task_level":[1],"operation":"connect","message_type":"loggerx:info","message":"Network operation"}
{"timestamp":1770559017.6656315,"task_uuid":"074d637c-331c-44c3-845a-17541db64a40","task_level":[1],"category":null,"message_type":"loggerx:info","message":"Current category"}
{"timestamp":1770559017.6656504,"task_uuid":"9e11ca34-b3a6-4bcf-816f-580a64fa16b0","task_level":[1],"message_type":"loggerx:info","message":"Back to default category"}
{"timestamp":1770559017.6656723,"task_uuid":"d26d3f46-f051-46e0-91d2-133e38928d7b","task_level":[1],"event":"login_attempt","message_type":"loggerx:info","message":"Security event"}
{"timestamp":1770559017.6656976,"task_uuid":"145bd5da-fdec-42a4-8a64-d64a522ac04f","task_level":[1],"data":"<config><database><host>localhost</host><port>5432</port><name>app_db</name><user>admin</user></database></config>","message_type":"loggerx:info","message":"ConfigXML"}
{"timestamp":1770559017.665717,"task_uuid":"cf5bf79a-765c-498f-80d9-0188eb9b15c8","task_level":[1],"data":{"tag":"config","children":1},"message_type":"loggerx:info","message":"ParsedXML"}
{"timestamp":1770559017.7474687,"task_uuid":"02ccd150-646a-41b3-b6c6-d895406d8691","task_level":[1],"data":{"package":"logxpy","version":"0.2.1+2.g8b59e40.dirty"},"message_type":"loggerx:info","message":"PackageVersion"}
{"timestamp":1770559017.7475383,"task_uuid":"f4704b69-7445-4225-bac1-e92aa6ad7979","task_level":[1],"data":{"version":"3.13.11 (main, Jan 28 2026, 00:01:45) [Clang 21.1.4 ]","version_info":[3,13,11],"platform":"linux"},"message_type":"loggerx:info","message":"PythonVersion"}
{"timestamp":1770559017.747561,"task_uuid":"032e2f1f-30fa-4365-bfb9-c902d59930ff","task_level":[1],"message_type":"loggerx:info","message":"Simple message via log()"}
{"timestamp":1770559017.7475824,"task_uuid":"62ac8ec2-a669-4abe-9936-e39a1b2cce43","task_level":[1],"data":{"key":"value"},"message_type":"loggerx:info","message":"Auto-titled data"}
{"timestamp":1770559017.747603,"task_uuid":"16aeb754-0b9a-4e58-8b86-314d2a82bb7c","task_level":[1],"data":{"raw":"data"},"message_type":"loggerx:info","message":"Data:dict"}
{"timestamp":1770559017.7476194,"task_uuid":"d586a940-809d-4989-b664-af2419b7814c","task_level":[1],"category":"demo","message_type":"loggerx:info","message":"Another timestamped message"}
{"timestamp":1770559017.7476442,"task_uuid":"33bce1c5-8c1c-4434-9485-353594dcb27d","task_level":[1],"data":{"original_type":"str","hex":"#ff5733","rgb":{"r":255,"g":87,"b":51}},"message_type":"loggerx:info","message":"ColorValue"}
{"timestamp":1770559017.747675,"task_uuid":"ebb2e1fe-aebb-4fad-92e9-543a9b9e3504","task_level":[1],"data":{"amount":"19.99","amount_float":19.99,"currency":"USD","formatted":"USD 19.99"},"message_type":"loggerx:info","message":"CurrencyValue"}
{"timestamp":1770559017.7477438,"task_uuid":"9d6aa87b-f777-45e6-bc9f-8b5e230c899d","task_level":[1],"data":{"iso":"2026-02-08T16:56:57.652058","timestamp":1770559017.652058,"year":2026,"month":2,"day":8,"hour":16,"minute":56,"second":57,"microsecond":652058,"timezone":null,"formatted":"2026-02-08 16:56:57","date":"2026-02-08","time":"16:56:57"},"message_type":"loggerx:info","message":"DateTimeValue"}
{"timestamp":1770559017.7478848,"task_uuid":"7fab7a56-6eaa-451a-a7fd-c9ffb1b1728d","task_level":[1],"username":"alice","password":"***","ip_address":"192.168.1.100","action_type":"__main__.demo_decorators.<locals>.process_user_login","action_status":"started"}
{"timestamp":1770559017.7479255,"task_uuid":"7fab7a56-6eaa-451a-a7fd-c9ffb1b1728d","task_level":[1,1],"username":"alice","password":"***","ip_address":"192.168.1.100","result":{"user_id":12345,"status":"authenticated","ip":"192.168.1.100"},"logxpy:duration":0.000037,"action_type":"__main__.demo_decorators.<locals>.process_user_login","action_status":"succeeded"}
{"timestamp":1770559017.747955,"task_uuid":"9088190c-a4d0-4583-9def-8ceddbd7fcb2","task_level":[1],"result":{"user_id":12345,"status":"authenticated","ip":"192.168.1.100"},"message_type":"loggerx:info","message":"Logged decorator completed"}
{"timestamp":1770559017.748024,"task_uuid":"cbfaa7ca-9af6-420e-84f5-2b7e7b2af1e0","task_level":[1],"x":10,"y":20,"action_type":"__main__.demo_decorators.<locals>.legacy_function","action_status":"started"}
{"timestamp":1770559017.748053,"task_uuid":"cbfaa7ca-9af6-420e-84f5-2b7e7b2af1e0","task_level":[1,1],"x":10,"y":20,"result":200,"logxpy:duration":0.000028,"action_type":"__main__.demo_decorators.<locals>.legacy_function","action_status":"succeeded"}
{"timestamp":1770559017.7480884,"task_uuid":"088e6701-b3b3-45e0-97f8-abc3f38cba92","task_level":[1],"result":200,"message_type":"loggerx:info","message":"Legacy function completed"}
{"timestamp":1770559017.7582455,"task_uuid":"261aec52-4af6-495b-b5ea-5a51217c9856","task_level":[1],"metric":"database.query_time","duration_ms":10.07,"message_type":"loggerx:debug","message":"⏱ simulate_database_query"}
{"timestamp":1770559017.7582774,"task_uuid":"3e3e70ba-1d57-4851-b5be-72bf2c7570a4","task_level":[1],"rows":1,"message_type":"loggerx:info","message":"Timed query completed"}
{"timestamp":1770559017.7884672,"task_uuid":"f954e229-5321-45c0-86bf-0dfcc310738f","task_level":[1],"result":"success_after_retries","attempts":3,"message_type":"loggerx:info","message":"Retry decorator succeeded"}
{"timestamp":1770559017.7885456,"task_uuid":"8cc83e85-37cd-484a-879f-55c7df780b10","task_level":[1],"count":50,"message_type":"loggerx:info","message":"📦 batch_processor"}
{"timestamp":1770559017.788582,"task_uuid":"57fa0755-9a3d-42e2-a7f7-4ea0196577ae","task_level":[1],"count":100,"message_type":"loggerx:info","message":"📦 batch_processor"}
{"timestamp":1770559017.7886062,"task_uuid":"ce75ded8-9c0c-4db0-a36c-9c8e379fb61d","task_level":[1],"total_items":120,"message_type":"loggerx:info","message":"Generator processing complete"}
{"timestamp":1770559017.820998,"task_uuid":"92305267-4ccc-4ac3-a780-bc58abd2310d","task_level":[1],"count":30,"message_type":"loggerx:info","message":"📦 async_fetcher"}
{"timestamp":1770559017.85307,"task_uuid":"26d0d7f9-de93-4edb-b313-fd604bcd60ea","task_level":[1],"count":60,"message_type":"loggerx:info","message":"📦 async_fetcher"}
{"timestamp":1770559017.8692944,"task_uuid":"9d2d656a-b2ab-460c-a9d0-c4b9095e4043","task_level":[1],"total_items":75,"message_type":"loggerx:info","message":"Async iterator complete"}
{"timestamp":1770559017.8822434,"task_uuid":"e80219c0-1b63-475f-9237-254f4c6e4ef7","task_level":[1],"payment":{"transaction_id":"TX-ORD-12345","amount":99.99,"status":"completed"},"message_type":"loggerx:info","message":"Trace decorator completed"}
{"timestamp":1770559017.8823829,"task_uuid":"3df1e997-0d69-4ec5-a0cb-fa4f42082541","task_level":[1],"value":42,"action_type":"__main__.demo_decorators.<locals>.combined_decorator_example","action_status":"started"}
{"timestamp":1770559017.9125586,"task_uuid":"3df1e997-0d69-4ec5-a0cb-fa4f42082541","task_level":[1],"metric":"combined_operation","duration_ms":30.14,"message_type":"loggerx:debug","message":"⏱ combined_decorator_example"}
{"timestamp":1770559017.9126098,"task_uuid":"3df1e997-0d69-4ec5-a0cb-fa4f42082541","task_level":[1,1],"value":42,"result":{"input":42,"output":84,"transformed":true},"logxpy:duration":0.030226,"action_type":"__main__.demo_decorators.<locals>.combined_decorator_example","action_status":"succeeded"}
{"timestamp":1770559017.912647,"task_uuid":"c40fc8f7-f9d9-41fc-9b08-c788fc0288bb","task_level":[1],"result":{"input":42,"output":84,"transformed":true},"attempts":3,"message_type":"loggerx:info","message":"Combined decorators completed"}
{"version":"1.0.0","action_status":"started","timestamp":1770559017.9126747,"task_uuid":"f8757c23-ab3a-4e6e-884c-024cd36a890e","action_type":"main_application","task_level":[1]}
{"timestamp":1770559017.9126968,"task_uuid":"f8757c23-ab3a-4e6e-884c-024cd36a890e","task_level":[],"message_type":"loggerx:info","message":"Task started"}
{"timestamp":1770559017.9227986,"task_uuid":"f8757c23-ab3a-4e6e-884c-024cd36a890e","task_level":[],"metric":"timed_operation","duration_ms":10.07,"message_type":"loggerx:debug","message":"⏱ slow_operation"}
{"action_status":"succeeded","timestamp":1770559017.952987,"task_uuid":"f8757c23-ab3a-4e6e-884c-024cd36a890e","action_type":"main_application","task_level":[2]}
{"timestamp":1770559017.9532082,"task_uuid":"6da67742-012b-4825-8272-0e377554819e","task_level":[1],"url":"http://example.com","action_type":"async_fetch","action_status":"started"}
{"timestamp":1770559017.9633522,"task_uuid":"6da67742-012b-4825-8272-0e377554819e","task_level":[1],"result":"async result","message_type":"loggerx:info","message":"Async operation complete"}
{"timestamp":1770559017.963388,"task_uuid":"6da67742-012b-4825-8272-0e377554819e","task_level":[1,1],"url":"http://example.com","logxpy:duration":0.010177,"action_type":"async_fetch","action_status":"succeeded"}
{"timestamp":1770559017.9636154,"task_uuid":"85382cc2-1020-40ed-a41f-2ce8df03fed6","task_level":[1],"message_type":"loggerx:info","message":"MessageType logging succeeded"}
{"table":"users","query":"SELECT *","action_status":"started","timestamp":1770559017.9636796,"task_uuid":"aa44915e-8241-4c61-86a3-eb6875ee51eb","action_type":"db:query","task_level":[1]}
{"timestamp":1770559017.963697,"task_uuid":"aa44915e-8241-4c61-86a3-eb6875ee51eb","task_level":[],"message_type":"loggerx:info","message":"ActionType context succeeded"}
{"action_status":"succeeded","timestamp":1770559017.9637108,"task_uuid":"aa44915e-8241-4c61-86a3-eb6875ee51eb","action_type":"db:query","task_level":[2]}
{"timestamp":1770559017.9637277,"task_uuid":"e0a31477-2dd7-4b1d-9bbb-a3a89f535af4","task_level":[1],"field_name":"username","serializer":"str","message_type":"loggerx:info","message":"Field created"}
{"timestamp":1770559017.9637473,"task_uuid":"809228f0-318c-47fa-b0b9-a019c8b77dba","task_level":[1],"logxpy:foreground":"cyan","message_type":"loggerx:info","message":"This message has CYAN foreground (via set_foreground)"}
{"timestamp":1770559017.9637659,"task_uuid":"0d845327-75e5-4ac4-9466-a6e2bf2790fb","task_level":[1],"logxpy:foreground":"cyan","message_type":"loggerx:info","message":"This also has cyan foreground (context persists)"}
{"timestamp":1770559017.9637814,"task_uuid":"e06f0f58-53bf-4bee-8780-148891c44baf","task_level":[1],"message_type":"loggerx:info","message":"Back to normal foreground"}
{"timestamp":1770559017.9637969,"task_uuid":"ac1aa54c-8c93-4166-8814-8052490f928a","task_level":[1],"logxpy:background":"blue","message_type":"loggerx:info","message":"This message has BLUE background"}
{"timestamp":1770559017.963822,"task_uuid":"6b9e4824-52fa-44a4-97f7-9891d51d1e7a","task_level":[1],"logxpy:background":"blue","message_type":"loggerx:warning","message":"Warning also has blue background"}
{"timestamp":1770559017.9638374,"task_uuid":"160b54d3-c9bb-4b1a-beda-daa90750e932","task_level":[1],"logxpy:foreground":"white","logxpy:background":"red","message_type":"loggerx:error","message":"White text on RED background - ERROR style"}
{"timestamp":1770559017.9638543,"task_uuid":"62a5d308-4686-4de7-8241-ebcca3db59cf","task_level":[1],"logxpy:foreground":"yellow","logxpy:background":"black","message_type":"loggerx:info","message":"One-shot colored message"}
{"timestamp":1770559017.9638703,"task_uuid":"96ee6b6c-c5f9-4d0a-a92e-7e4349b815b1","task_level":[1],"priority":"high","logxpy:foreground":"green","logxpy:background":"black","message_type":"loggerx:info","message":"Green on black"}
{"timestamp":1770559017.9638858,"task_uuid":"43dc70e1-fbb6-46bd-a86b-a791546c59cd","task_level":[1],"logxpy:foreground":"magenta","logxpy:background":"white","message_type":"loggerx:info","message":"Magenta highlight"}
{"timestamp":1770559017.9639003,"task_uuid":"dfb3169f-f1ce-4616-89ce-930114f8d95f","task_level":[1],"logxpy:foreground":"black","logxpy:background":"yellow","message_type":"loggerx:info","message":"╔══════════════════════════════════════════════════════════════════╗\n║  ⚠️  IMPORTANT WARNING: Yellow background with BLACK font        ║\n║     This is a highlighted block for critical attention           ║\n╚══════════════════════════════════════════════════════════════════╝"}
{"timestamp":1770559017.96392,"task_uuid":"0e625e01-4193-4112-a244-5af6a43af3d6","task_level":[1],"logxpy:foreground":"light_cyan","message_type":"loggerx:info","message":"Light cyan text 1"}
{"timestamp":1770559017.9639409,"task_uuid":"00c72ed2-3df9-4447-802d-0200f2c5248a","task_level":[1],"logxpy:foreground":"light_cyan","message_type":"loggerx:info","message":"Light cyan text 2"}
{"timestamp":1770559017.9639587,"task_uuid":"50c02ad5-8683-44b4-9bf4-1da7bc179785","task_level":[1],"logxpy:foreground":"light_cyan","logxpy:background":"dark_gray","message_type":"loggerx:info","message":"Light cyan on dark gray"}
{"timestamp":1770559017.9639733,"task_uuid":"dd8e288a-d327-4137-a7b8-5504f0a19bb6","task_level":[1],"message_type":"loggerx:info","message":"Back to default colors"}
{"timestamp":1770559017.9639878,"task_uuid":"c1a69f55-0545-417e-980d-650b06392ac0","task_level":[1],"message_type":"loggerx:info","message":"============================================================"}
{"timestamp":1770559017.9640014,"task_uuid":"5d48c680-d3ce-4373-a151-26ec1b48efa4","task_level":[1],"categories":15,"message_type":"loggerx:info","message":"Comprehensive demonstration complete"}
