{"pipeline_id":"daily_etl","action_status":"started","timestamp":1770290068.8659132,"task_uuid":"838e6ff6-1b3f-46ac-b243-fd44fe0d43be","action_type":"pipeline:run","task_level":[1]}
{"timestamp":1770290068.8661025,"task_uuid":"838e6ff6-1b3f-46ac-b243-fd44fe0d43be","task_level":[2],"message_type":"pipeline:start"}
{"source":"database","action_status":"started","timestamp":1770290068.866132,"task_uuid":"838e6ff6-1b3f-46ac-b243-fd44fe0d43be","action_type":"pipeline:extract","task_level":[3,1]}
{"host":"prod-db.example.com","timestamp":1770290068.866168,"task_uuid":"838e6ff6-1b3f-46ac-b243-fd44fe0d43be","task_level":[3,2],"message_type":"extract:connect"}
{"table":"transactions","date":"2026-02-05","timestamp":1770290068.9162726,"task_uuid":"838e6ff6-1b3f-46ac-b243-fd44fe0d43be","task_level":[3,3],"message_type":"extract:query"}
{"records":15234,"timestamp":1770290069.03638,"task_uuid":"838e6ff6-1b3f-46ac-b243-fd44fe0d43be","task_level":[3,4],"message_type":"extract:complete"}
{"action_status":"succeeded","timestamp":1770290069.036407,"task_uuid":"838e6ff6-1b3f-46ac-b243-fd44fe0d43be","action_type":"pipeline:extract","task_level":[3,5]}
{"action_status":"started","timestamp":1770290069.036424,"task_uuid":"838e6ff6-1b3f-46ac-b243-fd44fe0d43be","action_type":"pipeline:transform","task_level":[4,1]}
{"records":15234,"timestamp":1770290069.0364525,"task_uuid":"838e6ff6-1b3f-46ac-b243-fd44fe0d43be","task_level":[4,2],"message_type":"transform:validate"}
{"invalid_records":12,"valid_records":15222,"timestamp":1770290069.1165555,"task_uuid":"838e6ff6-1b3f-46ac-b243-fd44fe0d43be","task_level":[4,3],"message_type":"transform:filter"}
{"external_api":"customer_service","timestamp":1770290069.2166643,"task_uuid":"838e6ff6-1b3f-46ac-b243-fd44fe0d43be","task_level":[4,4],"message_type":"transform:enrich"}
{"groups":156,"timestamp":1770290069.366775,"task_uuid":"838e6ff6-1b3f-46ac-b243-fd44fe0d43be","task_level":[4,5],"message_type":"transform:aggregate"}
{"output_records":156,"timestamp":1770290069.4568894,"task_uuid":"838e6ff6-1b3f-46ac-b243-fd44fe0d43be","task_level":[4,6],"message_type":"transform:complete"}
{"action_status":"succeeded","timestamp":1770290069.4569154,"task_uuid":"838e6ff6-1b3f-46ac-b243-fd44fe0d43be","action_type":"pipeline:transform","task_level":[4,7]}
{"destination":"warehouse","action_status":"started","timestamp":1770290069.456931,"task_uuid":"838e6ff6-1b3f-46ac-b243-fd44fe0d43be","action_type":"pipeline:load","task_level":[5,1]}
{"warehouse":"snowflake","database":"analytics","timestamp":1770290069.4569607,"task_uuid":"838e6ff6-1b3f-46ac-b243-fd44fe0d43be","task_level":[5,2],"message_type":"load:connect"}
{"table":"daily_transactions","timestamp":1770290069.517067,"task_uuid":"838e6ff6-1b3f-46ac-b243-fd44fe0d43be","task_level":[5,3],"message_type":"load:prepare"}
{"records":156,"mode":"append","timestamp":1770290069.557188,"task_uuid":"838e6ff6-1b3f-46ac-b243-fd44fe0d43be","task_level":[5,4],"message_type":"load:insert"}
{"duration_ms":210,"timestamp":1770290069.667297,"task_uuid":"838e6ff6-1b3f-46ac-b243-fd44fe0d43be","task_level":[5,5],"message_type":"load:complete"}
{"action_status":"succeeded","timestamp":1770290069.6673203,"task_uuid":"838e6ff6-1b3f-46ac-b243-fd44fe0d43be","action_type":"pipeline:load","task_level":[5,6]}
{"action_status":"started","timestamp":1770290069.6673346,"task_uuid":"838e6ff6-1b3f-46ac-b243-fd44fe0d43be","action_type":"pipeline:cleanup","task_level":[6,1]}
{"files_deleted":3,"timestamp":1770290069.6673622,"task_uuid":"838e6ff6-1b3f-46ac-b243-fd44fe0d43be","task_level":[6,2],"message_type":"cleanup:temp_files"}
{"cache_cleared":true,"timestamp":1770290069.697474,"task_uuid":"838e6ff6-1b3f-46ac-b243-fd44fe0d43be","task_level":[6,3],"message_type":"cleanup:cache"}
{"action_status":"succeeded","timestamp":1770290069.7175725,"task_uuid":"838e6ff6-1b3f-46ac-b243-fd44fe0d43be","action_type":"pipeline:cleanup","task_level":[6,4]}
{"total_duration_ms":950,"records_processed":15234,"records_output":156,"status":"success","timestamp":1770290069.7176654,"task_uuid":"838e6ff6-1b3f-46ac-b243-fd44fe0d43be","task_level":[7],"message_type":"pipeline:complete"}
{"action_status":"succeeded","timestamp":1770290069.717695,"task_uuid":"838e6ff6-1b3f-46ac-b243-fd44fe0d43be","action_type":"pipeline:run","task_level":[8]}
