{"action_status":"started","timestamp":1770290067.5375159,"task_uuid":"b2211a8c-1472-40fb-95e9-ed7cd42f81c6","action_type":"server:startup","task_level":[1]}
{"port":8080,"environment":"production","timestamp":1770290067.5377436,"task_uuid":"b2211a8c-1472-40fb-95e9-ed7cd42f81c6","task_level":[2],"message_type":"server:config"}
{"timestamp":1770290067.5578544,"task_uuid":"b2211a8c-1472-40fb-95e9-ed7cd42f81c6","task_level":[3],"message_type":"server:ready"}
{"action_status":"succeeded","timestamp":1770290067.557877,"task_uuid":"b2211a8c-1472-40fb-95e9-ed7cd42f81c6","action_type":"server:startup","task_level":[4]}
{"method":"GET","path":"/api/users","request_id":"req_001","action_status":"started","timestamp":1770290067.557902,"task_uuid":"8a2257f4-a7dc-43d6-9fc5-dcd0beaf00c2","action_type":"http:request","task_level":[1]}
{"user_id":"user_123","timestamp":1770290067.5579333,"task_uuid":"8a2257f4-a7dc-43d6-9fc5-dcd0beaf00c2","task_level":[2],"message_type":"auth:verify"}
{"action_status":"started","timestamp":1770290067.5880082,"task_uuid":"8a2257f4-a7dc-43d6-9fc5-dcd0beaf00c2","action_type":"database:query","task_level":[3,1]}
{"query":"SELECT * FROM users","timestamp":1770290067.5880392,"task_uuid":"8a2257f4-a7dc-43d6-9fc5-dcd0beaf00c2","task_level":[3,2],"message_type":"db:execute"}
{"rows":25,"timestamp":1770290067.6381218,"task_uuid":"8a2257f4-a7dc-43d6-9fc5-dcd0beaf00c2","task_level":[3,3],"message_type":"db:result"}
{"action_status":"succeeded","timestamp":1770290067.6381423,"task_uuid":"8a2257f4-a7dc-43d6-9fc5-dcd0beaf00c2","action_type":"database:query","task_level":[3,4]}
{"status":200,"duration_ms":80,"timestamp":1770290067.6381667,"task_uuid":"8a2257f4-a7dc-43d6-9fc5-dcd0beaf00c2","task_level":[4],"message_type":"http:response"}
{"action_status":"succeeded","timestamp":1770290067.638179,"task_uuid":"8a2257f4-a7dc-43d6-9fc5-dcd0beaf00c2","action_type":"http:request","task_level":[5]}
{"method":"POST","path":"/api/orders","request_id":"req_002","action_status":"started","timestamp":1770290067.638197,"task_uuid":"27c5e1a0-762b-49a9-be70-b02214da831c","action_type":"http:request","task_level":[1]}
{"user_id":"user_456","timestamp":1770290067.6382217,"task_uuid":"27c5e1a0-762b-49a9-be70-b02214da831c","task_level":[2],"message_type":"auth:verify"}
{"action_status":"started","timestamp":1770290067.658296,"task_uuid":"27c5e1a0-762b-49a9-be70-b02214da831c","action_type":"payment:process","task_level":[3,1]}
{"amount":149.99,"timestamp":1770290067.6583219,"task_uuid":"27c5e1a0-762b-49a9-be70-b02214da831c","task_level":[3,2],"message_type":"payment:validate"}
{"transaction_id":"txn_abc","timestamp":1770290067.738403,"task_uuid":"27c5e1a0-762b-49a9-be70-b02214da831c","task_level":[3,3],"message_type":"payment:success"}
{"action_status":"succeeded","timestamp":1770290067.7384183,"task_uuid":"27c5e1a0-762b-49a9-be70-b02214da831c","action_type":"payment:process","task_level":[3,4]}
{"action_status":"started","timestamp":1770290067.7384298,"task_uuid":"27c5e1a0-762b-49a9-be70-b02214da831c","action_type":"inventory:reserve","task_level":[4,1]}
{"items":2,"timestamp":1770290067.738452,"task_uuid":"27c5e1a0-762b-49a9-be70-b02214da831c","task_level":[4,2],"message_type":"inventory:check"}
{"timestamp":1770290067.778546,"task_uuid":"27c5e1a0-762b-49a9-be70-b02214da831c","task_level":[4,3],"message_type":"inventory:reserved"}
{"action_status":"succeeded","timestamp":1770290067.778567,"task_uuid":"27c5e1a0-762b-49a9-be70-b02214da831c","action_type":"inventory:reserve","task_level":[4,4]}
{"status":201,"order_id":"ORD-12345","timestamp":1770290067.7786152,"task_uuid":"27c5e1a0-762b-49a9-be70-b02214da831c","task_level":[5],"message_type":"http:response"}
{"action_status":"succeeded","timestamp":1770290067.7786283,"task_uuid":"27c5e1a0-762b-49a9-be70-b02214da831c","action_type":"http:request","task_level":[6]}
{"method":"GET","path":"/api/users","request_id":"req_003","action_status":"started","timestamp":1770290067.7786462,"task_uuid":"674b7a8a-677d-4b30-9af8-955c863d9da8","action_type":"http:request","task_level":[1]}
{"token":"invalid","timestamp":1770290067.778672,"task_uuid":"674b7a8a-677d-4b30-9af8-955c863d9da8","task_level":[2],"message_type":"auth:verify"}
{"exception":"builtins.ValueError","reason":"Invalid authentication token","action_status":"failed","timestamp":1770290067.7787006,"task_uuid":"674b7a8a-677d-4b30-9af8-955c863d9da8","action_type":"http:request","task_level":[3]}
{"status":401,"error":"Unauthorized","timestamp":1770290067.7787395,"task_uuid":"a200071a-6646-428b-8db0-da699cbde804","task_level":[1],"message_type":"http:response"}
{"method":"POST","path":"/api/orders","request_id":"req_004","action_status":"started","timestamp":1770290067.7787573,"task_uuid":"c967b1b7-dab2-4421-8b55-6a81f7fd185c","action_type":"http:request","task_level":[1]}
{"user_id":"user_789","timestamp":1770290067.7787833,"task_uuid":"c967b1b7-dab2-4421-8b55-6a81f7fd185c","task_level":[2],"message_type":"auth:verify"}
{"action_status":"started","timestamp":1770290067.7988565,"task_uuid":"c967b1b7-dab2-4421-8b55-6a81f7fd185c","action_type":"payment:process","task_level":[3,1]}
{"amount":299.99,"timestamp":1770290067.798883,"task_uuid":"c967b1b7-dab2-4421-8b55-6a81f7fd185c","task_level":[3,2],"message_type":"payment:validate"}
{"exception":"builtins.Exception","reason":"Payment gateway timeout","action_status":"failed","timestamp":1770290067.8589523,"task_uuid":"c967b1b7-dab2-4421-8b55-6a81f7fd185c","action_type":"payment:process","task_level":[3,3]}
{"error":"Payment gateway timeout","timestamp":1770290067.858981,"task_uuid":"c967b1b7-dab2-4421-8b55-6a81f7fd185c","task_level":[4],"message_type":"payment:error"}
{"status":500,"error":"Payment processing failed","timestamp":1770290067.8590052,"task_uuid":"c967b1b7-dab2-4421-8b55-6a81f7fd185c","task_level":[5],"message_type":"http:response"}
{"action_status":"succeeded","timestamp":1770290067.8590171,"task_uuid":"c967b1b7-dab2-4421-8b55-6a81f7fd185c","action_type":"http:request","task_level":[6]}
{"action_status":"started","timestamp":1770290067.8590326,"task_uuid":"5ad816bc-d8cd-4d58-a0e1-70fb88fc0194","action_type":"server:shutdown","task_level":[1]}
{"timestamp":1770290067.8590565,"task_uuid":"5ad816bc-d8cd-4d58-a0e1-70fb88fc0194","task_level":[2],"message_type":"server:closing"}
{"timestamp":1770290067.879141,"task_uuid":"5ad816bc-d8cd-4d58-a0e1-70fb88fc0194","task_level":[3],"message_type":"server:stopped"}
{"action_status":"succeeded","timestamp":1770290067.8791537,"task_uuid":"5ad816bc-d8cd-4d58-a0e1-70fb88fc0194","action_type":"server:shutdown","task_level":[4]}
