{"depth":1,"action_status":"started","timestamp":1770290070.4835215,"task_uuid":"92769c9b-d4e9-4f71-8065-b91db2d54e1c","action_type":"level_1:server","task_level":[1]}
{"ip":"192.168.1.100","port":8080,"timestamp":1770290070.483806,"task_uuid":"92769c9b-d4e9-4f71-8065-b91db2d54e1c","task_level":[2],"message_type":"server:incoming_connection"}
{"worker_id":"worker_05","timestamp":1770290070.5039399,"task_uuid":"92769c9b-d4e9-4f71-8065-b91db2d54e1c","task_level":[3],"message_type":"server:assign_worker"}
{"depth":2,"action_status":"started","timestamp":1770290070.5240347,"task_uuid":"92769c9b-d4e9-4f71-8065-b91db2d54e1c","action_type":"level_2:http_handler","task_level":[4,1]}
{"method":"POST","path":"/api/users/123","timestamp":1770290070.52408,"task_uuid":"92769c9b-d4e9-4f71-8065-b91db2d54e1c","task_level":[4,2],"message_type":"http:received"}
{"content_length":1024,"timestamp":1770290070.5441797,"task_uuid":"92769c9b-d4e9-4f71-8065-b91db2d54e1c","task_level":[4,3],"message_type":"http:parse"}
{"depth":3,"action_status":"started","timestamp":1770290070.56428,"task_uuid":"92769c9b-d4e9-4f71-8065-b91db2d54e1c","action_type":"level_3:validation","task_level":[4,4,1]}
{"count":12,"timestamp":1770290070.56433,"task_uuid":"92769c9b-d4e9-4f71-8065-b91db2d54e1c","task_level":[4,4,2],"message_type":"validation:headers"}
{"content_type":"application/json","size":1024,"timestamp":1770290070.584444,"task_uuid":"92769c9b-d4e9-4f71-8065-b91db2d54e1c","task_level":[4,4,3],"message_type":"validation:body"}
{"depth":4,"action_status":"started","timestamp":1770290070.6045458,"task_uuid":"92769c9b-d4e9-4f71-8065-b91db2d54e1c","action_type":"level_4:auth","task_level":[4,4,4,1]}
{"token_id":"tok_abc123","timestamp":1770290070.604615,"task_uuid":"92769c9b-d4e9-4f71-8065-b91db2d54e1c","task_level":[4,4,4,2],"message_type":"auth:validate_token"}
{"user_id":"user_123","timestamp":1770290070.6247344,"task_uuid":"92769c9b-d4e9-4f71-8065-b91db2d54e1c","task_level":[4,4,4,3],"message_type":"auth:check_permissions"}
{"depth":5,"action_status":"started","timestamp":1770290070.6448355,"task_uuid":"92769c9b-d4e9-4f71-8065-b91db2d54e1c","action_type":"level_5:cache","task_level":[4,4,4,4,1]}
{"key":"user:data:123","timestamp":1770290070.644884,"task_uuid":"92769c9b-d4e9-4f71-8065-b91db2d54e1c","task_level":[4,4,4,4,2],"message_type":"cache:lookup"}
{"reason":"expired","timestamp":1770290070.6649995,"task_uuid":"92769c9b-d4e9-4f71-8065-b91db2d54e1c","task_level":[4,4,4,4,3],"message_type":"cache:miss"}
{"depth":6,"action_status":"started","timestamp":1770290070.6650255,"task_uuid":"92769c9b-d4e9-4f71-8065-b91db2d54e1c","action_type":"level_6:database","task_level":[4,4,4,4,4,1]}
{"connection":"postgres://localhost","timestamp":1770290070.6650548,"task_uuid":"92769c9b-d4e9-4f71-8065-b91db2d54e1c","task_level":[4,4,4,4,4,2],"message_type":"db:connect"}
{"sql":"SELECT * FROM records","timestamp":1770290070.685167,"task_uuid":"92769c9b-d4e9-4f71-8065-b91db2d54e1c","task_level":[4,4,4,4,4,3],"message_type":"db:query"}
{"depth":7,"action_status":"started","timestamp":1770290070.7152667,"task_uuid":"92769c9b-d4e9-4f71-8065-b91db2d54e1c","action_type":"level_7:operation","task_level":[4,4,4,4,4,4,1]}
{"info":"Deepest level reached","timestamp":1770290070.7153146,"task_uuid":"92769c9b-d4e9-4f71-8065-b91db2d54e1c","task_level":[4,4,4,4,4,4,2],"message_type":"level_7:start"}
{"data":"Final computation","timestamp":1770290070.7254298,"task_uuid":"92769c9b-d4e9-4f71-8065-b91db2d54e1c","task_level":[4,4,4,4,4,4,3],"message_type":"level_7:processing"}
{"result":"SUCCESS","timestamp":1770290070.7355585,"task_uuid":"92769c9b-d4e9-4f71-8065-b91db2d54e1c","task_level":[4,4,4,4,4,4,4],"message_type":"level_7:complete"}
{"action_status":"succeeded","timestamp":1770290070.7356014,"task_uuid":"92769c9b-d4e9-4f71-8065-b91db2d54e1c","action_type":"level_7:operation","task_level":[4,4,4,4,4,4,5]}
{"rows":42,"timestamp":1770290070.7356308,"task_uuid":"92769c9b-d4e9-4f71-8065-b91db2d54e1c","task_level":[4,4,4,4,4,5],"message_type":"db:result"}
{"action_status":"succeeded","timestamp":1770290070.735646,"task_uuid":"92769c9b-d4e9-4f71-8065-b91db2d54e1c","action_type":"level_6:database","task_level":[4,4,4,4,4,6]}
{"key":"user:data:123","ttl":3600,"timestamp":1770290070.7356806,"task_uuid":"92769c9b-d4e9-4f71-8065-b91db2d54e1c","task_level":[4,4,4,4,5],"message_type":"cache:update"}
{"action_status":"succeeded","timestamp":1770290070.735698,"task_uuid":"92769c9b-d4e9-4f71-8065-b91db2d54e1c","action_type":"level_5:cache","task_level":[4,4,4,4,6]}
{"user":"alice","roles":["admin","user"],"timestamp":1770290070.7357218,"task_uuid":"92769c9b-d4e9-4f71-8065-b91db2d54e1c","task_level":[4,4,4,5],"message_type":"auth:success"}
{"action_status":"succeeded","timestamp":1770290070.7357337,"task_uuid":"92769c9b-d4e9-4f71-8065-b91db2d54e1c","action_type":"level_4:auth","task_level":[4,4,4,6]}
{"status":"valid","timestamp":1770290070.7357547,"task_uuid":"92769c9b-d4e9-4f71-8065-b91db2d54e1c","task_level":[4,4,5],"message_type":"validation:complete"}
{"action_status":"succeeded","timestamp":1770290070.7357664,"task_uuid":"92769c9b-d4e9-4f71-8065-b91db2d54e1c","action_type":"level_3:validation","task_level":[4,4,6]}
{"status":200,"duration_ms":150,"timestamp":1770290070.7357876,"task_uuid":"92769c9b-d4e9-4f71-8065-b91db2d54e1c","task_level":[4,5],"message_type":"http:response"}
{"action_status":"succeeded","timestamp":1770290070.735799,"task_uuid":"92769c9b-d4e9-4f71-8065-b91db2d54e1c","action_type":"level_2:http_handler","task_level":[4,6]}
{"duration_ms":200,"timestamp":1770290070.7358203,"task_uuid":"92769c9b-d4e9-4f71-8065-b91db2d54e1c","task_level":[5],"message_type":"server:connection_closed"}
{"action_status":"succeeded","timestamp":1770290070.735832,"task_uuid":"92769c9b-d4e9-4f71-8065-b91db2d54e1c","action_type":"level_1:server","task_level":[6]}
{"component":"Application","action_status":"started","timestamp":1770290070.7358592,"task_uuid":"ec656a2f-9174-4cb1-bb48-c1c038cbd521","action_type":"class:application","task_level":[1]}
{"version":"2.0.0","timestamp":1770290070.7358859,"task_uuid":"ec656a2f-9174-4cb1-bb48-c1c038cbd521","task_level":[2],"message_type":"app:init"}
{"component":"UserService","action_status":"started","timestamp":1770290070.7358992,"task_uuid":"ec656a2f-9174-4cb1-bb48-c1c038cbd521","action_type":"class:service","task_level":[3,1]}
{"timestamp":1770290070.7359214,"task_uuid":"ec656a2f-9174-4cb1-bb48-c1c038cbd521","task_level":[3,2],"message_type":"service:init"}
{"component":"UserRepository","action_status":"started","timestamp":1770290070.7359345,"task_uuid":"ec656a2f-9174-4cb1-bb48-c1c038cbd521","action_type":"class:repository","task_level":[3,3,1]}
{"timestamp":1770290070.7359548,"task_uuid":"ec656a2f-9174-4cb1-bb48-c1c038cbd521","task_level":[3,3,2],"message_type":"repo:connect"}
{"component":"ConnectionPool","action_status":"started","timestamp":1770290070.7359667,"task_uuid":"ec656a2f-9174-4cb1-bb48-c1c038cbd521","action_type":"class:connection_pool","task_level":[3,3,3,1]}
{"available":10,"timestamp":1770290070.7359884,"task_uuid":"ec656a2f-9174-4cb1-bb48-c1c038cbd521","task_level":[3,3,3,2],"message_type":"pool:acquire"}
{"component":"PostgresConnection","action_status":"started","timestamp":1770290070.736,"task_uuid":"ec656a2f-9174-4cb1-bb48-c1c038cbd521","action_type":"class:db_connection","task_level":[3,3,3,3,1]}
{"database":"users_db","timestamp":1770290070.736019,"task_uuid":"ec656a2f-9174-4cb1-bb48-c1c038cbd521","task_level":[3,3,3,3,2],"message_type":"db:open"}
{"component":"QueryBuilder","action_status":"started","timestamp":1770290070.7360296,"task_uuid":"ec656a2f-9174-4cb1-bb48-c1c038cbd521","action_type":"class:query_builder","task_level":[3,3,3,3,3,1]}
{"table":"users","timestamp":1770290070.7360492,"task_uuid":"ec656a2f-9174-4cb1-bb48-c1c038cbd521","task_level":[3,3,3,3,3,2],"message_type":"query:build"}
{"component":"QueryExecutor","action_status":"started","timestamp":1770290070.7360597,"task_uuid":"ec656a2f-9174-4cb1-bb48-c1c038cbd521","action_type":"class:executor","task_level":[3,3,3,3,3,3,1]}
{"timestamp":1770290070.736078,"task_uuid":"ec656a2f-9174-4cb1-bb48-c1c038cbd521","task_level":[3,3,3,3,3,3,2],"message_type":"executor:prepare"}
{"component":"ResultParser","action_status":"started","timestamp":1770290070.7360947,"task_uuid":"ec656a2f-9174-4cb1-bb48-c1c038cbd521","action_type":"class:parser","task_level":[3,3,3,3,3,3,3,1]}
{"rows":5,"timestamp":1770290070.7361174,"task_uuid":"ec656a2f-9174-4cb1-bb48-c1c038cbd521","task_level":[3,3,3,3,3,3,3,2],"message_type":"parser:parse"}
{"timestamp":1770290070.736136,"task_uuid":"ec656a2f-9174-4cb1-bb48-c1c038cbd521","task_level":[3,3,3,3,3,3,3,3],"message_type":"parser:transform"}
{"records":5,"timestamp":1770290070.7361557,"task_uuid":"ec656a2f-9174-4cb1-bb48-c1c038cbd521","task_level":[3,3,3,3,3,3,3,4],"message_type":"parser:complete"}
{"action_status":"succeeded","timestamp":1770290070.736166,"task_uuid":"ec656a2f-9174-4cb1-bb48-c1c038cbd521","action_type":"class:parser","task_level":[3,3,3,3,3,3,3,5]}
{"timestamp":1770290070.7361841,"task_uuid":"ec656a2f-9174-4cb1-bb48-c1c038cbd521","task_level":[3,3,3,3,3,3,4],"message_type":"executor:complete"}
{"action_status":"succeeded","timestamp":1770290070.7361934,"task_uuid":"ec656a2f-9174-4cb1-bb48-c1c038cbd521","action_type":"class:executor","task_level":[3,3,3,3,3,3,5]}
{"timestamp":1770290070.7362103,"task_uuid":"ec656a2f-9174-4cb1-bb48-c1c038cbd521","task_level":[3,3,3,3,3,4],"message_type":"query:success"}
{"action_status":"succeeded","timestamp":1770290070.7362196,"task_uuid":"ec656a2f-9174-4cb1-bb48-c1c038cbd521","action_type":"class:query_builder","task_level":[3,3,3,3,3,5]}
{"timestamp":1770290070.7362382,"task_uuid":"ec656a2f-9174-4cb1-bb48-c1c038cbd521","task_level":[3,3,3,3,4],"message_type":"db:close"}
{"action_status":"succeeded","timestamp":1770290070.7362475,"task_uuid":"ec656a2f-9174-4cb1-bb48-c1c038cbd521","action_type":"class:db_connection","task_level":[3,3,3,3,5]}
{"timestamp":1770290070.7362647,"task_uuid":"ec656a2f-9174-4cb1-bb48-c1c038cbd521","task_level":[3,3,3,4],"message_type":"pool:release"}
{"action_status":"succeeded","timestamp":1770290070.7362738,"task_uuid":"ec656a2f-9174-4cb1-bb48-c1c038cbd521","action_type":"class:connection_pool","task_level":[3,3,3,5]}
{"timestamp":1770290070.736291,"task_uuid":"ec656a2f-9174-4cb1-bb48-c1c038cbd521","task_level":[3,3,4],"message_type":"repo:disconnect"}
{"action_status":"succeeded","timestamp":1770290070.7362995,"task_uuid":"ec656a2f-9174-4cb1-bb48-c1c038cbd521","action_type":"class:repository","task_level":[3,3,5]}
{"timestamp":1770290070.7363164,"task_uuid":"ec656a2f-9174-4cb1-bb48-c1c038cbd521","task_level":[3,4],"message_type":"service:complete"}
{"action_status":"succeeded","timestamp":1770290070.736325,"task_uuid":"ec656a2f-9174-4cb1-bb48-c1c038cbd521","action_type":"class:service","task_level":[3,5]}
{"timestamp":1770290070.7363422,"task_uuid":"ec656a2f-9174-4cb1-bb48-c1c038cbd521","task_level":[4],"message_type":"app:shutdown"}
{"action_status":"succeeded","timestamp":1770290070.736351,"task_uuid":"ec656a2f-9174-4cb1-bb48-c1c038cbd521","action_type":"class:application","task_level":[5]}
{"node_id":"root","action_status":"started","timestamp":1770290070.73637,"task_uuid":"ee5477a1-664d-4755-88c5-8181b882c4d4","action_type":"recursive:process_tree","task_level":[1]}
{"node":"root","timestamp":1770290070.736392,"task_uuid":"ee5477a1-664d-4755-88c5-8181b882c4d4","task_level":[2],"message_type":"node:visit"}
{"node_id":"branch_1","action_status":"started","timestamp":1770290070.7364035,"task_uuid":"ee5477a1-664d-4755-88c5-8181b882c4d4","action_type":"recursive:process_tree","task_level":[3,1]}
{"node":"branch_1","timestamp":1770290070.7364223,"task_uuid":"ee5477a1-664d-4755-88c5-8181b882c4d4","task_level":[3,2],"message_type":"node:visit"}
{"node_id":"leaf_1_1","action_status":"started","timestamp":1770290070.7364337,"task_uuid":"ee5477a1-664d-4755-88c5-8181b882c4d4","action_type":"recursive:process_tree","task_level":[3,3,1]}
{"node":"leaf_1_1","timestamp":1770290070.7364519,"task_uuid":"ee5477a1-664d-4755-88c5-8181b882c4d4","task_level":[3,3,2],"message_type":"node:visit"}
{"data_id":"data_1","action_status":"started","timestamp":1770290070.736463,"task_uuid":"ee5477a1-664d-4755-88c5-8181b882c4d4","action_type":"recursive:process_data","task_level":[3,3,3,1]}
{"size":100,"timestamp":1770290070.7364876,"task_uuid":"ee5477a1-664d-4755-88c5-8181b882c4d4","task_level":[3,3,3,2],"message_type":"data:process"}
{"validator":"schema_v1","action_status":"started","timestamp":1770290070.7365015,"task_uuid":"ee5477a1-664d-4755-88c5-8181b882c4d4","action_type":"recursive:validate","task_level":[3,3,3,3,1]}
{"rules":10,"timestamp":1770290070.736521,"task_uuid":"ee5477a1-664d-4755-88c5-8181b882c4d4","task_level":[3,3,3,3,2],"message_type":"validate:check"}
{"transformer":"json_to_xml","action_status":"started","timestamp":1770290070.7365322,"task_uuid":"ee5477a1-664d-4755-88c5-8181b882c4d4","action_type":"recursive:transform","task_level":[3,3,3,3,3,1]}
{"timestamp":1770290070.7365503,"task_uuid":"ee5477a1-664d-4755-88c5-8181b882c4d4","task_level":[3,3,3,3,3,2],"message_type":"transform:convert"}
{"format":"xml","action_status":"started","timestamp":1770290070.736561,"task_uuid":"ee5477a1-664d-4755-88c5-8181b882c4d4","action_type":"recursive:output","task_level":[3,3,3,3,3,3,1]}
{"bytes":1500,"timestamp":1770290070.7365797,"task_uuid":"ee5477a1-664d-4755-88c5-8181b882c4d4","task_level":[3,3,3,3,3,3,2],"message_type":"output:write"}
{"timestamp":1770290070.736606,"task_uuid":"ee5477a1-664d-4755-88c5-8181b882c4d4","task_level":[3,3,3,3,3,3,3],"message_type":"output:complete"}
{"action_status":"succeeded","timestamp":1770290070.736616,"task_uuid":"ee5477a1-664d-4755-88c5-8181b882c4d4","action_type":"recursive:output","task_level":[3,3,3,3,3,3,4]}
{"action_status":"succeeded","timestamp":1770290070.7366242,"task_uuid":"ee5477a1-664d-4755-88c5-8181b882c4d4","action_type":"recursive:transform","task_level":[3,3,3,3,3,4]}
{"action_status":"succeeded","timestamp":1770290070.736632,"task_uuid":"ee5477a1-664d-4755-88c5-8181b882c4d4","action_type":"recursive:validate","task_level":[3,3,3,3,4]}
{"action_status":"succeeded","timestamp":1770290070.7366397,"task_uuid":"ee5477a1-664d-4755-88c5-8181b882c4d4","action_type":"recursive:process_data","task_level":[3,3,3,4]}
{"action_status":"succeeded","timestamp":1770290070.7366471,"task_uuid":"ee5477a1-664d-4755-88c5-8181b882c4d4","action_type":"recursive:process_tree","task_level":[3,3,4]}
{"node_id":"leaf_1_2","action_status":"started","timestamp":1770290070.7366562,"task_uuid":"ee5477a1-664d-4755-88c5-8181b882c4d4","action_type":"recursive:process_tree","task_level":[3,4,1]}
{"node":"leaf_1_2","timestamp":1770290070.7366757,"task_uuid":"ee5477a1-664d-4755-88c5-8181b882c4d4","task_level":[3,4,2],"message_type":"node:visit"}
{"has_children":false,"timestamp":1770290070.7366955,"task_uuid":"ee5477a1-664d-4755-88c5-8181b882c4d4","task_level":[3,4,3],"message_type":"node:leaf"}
{"action_status":"succeeded","timestamp":1770290070.7367053,"task_uuid":"ee5477a1-664d-4755-88c5-8181b882c4d4","action_type":"recursive:process_tree","task_level":[3,4,4]}
{"action_status":"succeeded","timestamp":1770290070.7367136,"task_uuid":"ee5477a1-664d-4755-88c5-8181b882c4d4","action_type":"recursive:process_tree","task_level":[3,5]}
{"node_id":"branch_2","action_status":"started","timestamp":1770290070.7367227,"task_uuid":"ee5477a1-664d-4755-88c5-8181b882c4d4","action_type":"recursive:process_tree","task_level":[4,1]}
{"node":"branch_2","timestamp":1770290070.7367418,"task_uuid":"ee5477a1-664d-4755-88c5-8181b882c4d4","task_level":[4,2],"message_type":"node:visit"}
{"node_id":"leaf_2_1","action_status":"started","timestamp":1770290070.7367523,"task_uuid":"ee5477a1-664d-4755-88c5-8181b882c4d4","action_type":"recursive:process_tree","task_level":[4,3,1]}
{"node":"leaf_2_1","timestamp":1770290070.7367709,"task_uuid":"ee5477a1-664d-4755-88c5-8181b882c4d4","task_level":[4,3,2],"message_type":"node:visit"}
{"has_children":false,"timestamp":1770290070.7367964,"task_uuid":"ee5477a1-664d-4755-88c5-8181b882c4d4","task_level":[4,3,3],"message_type":"node:leaf"}
{"action_status":"succeeded","timestamp":1770290070.7368097,"task_uuid":"ee5477a1-664d-4755-88c5-8181b882c4d4","action_type":"recursive:process_tree","task_level":[4,3,4]}
{"action_status":"succeeded","timestamp":1770290070.736825,"task_uuid":"ee5477a1-664d-4755-88c5-8181b882c4d4","action_type":"recursive:process_tree","task_level":[4,4]}
{"total_nodes":7,"timestamp":1770290070.7368486,"task_uuid":"ee5477a1-664d-4755-88c5-8181b882c4d4","task_level":[5],"message_type":"node:complete"}
{"action_status":"succeeded","timestamp":1770290070.7368586,"task_uuid":"ee5477a1-664d-4755-88c5-8181b882c4d4","action_type":"recursive:process_tree","task_level":[6]}
